2025-09-03 13:37:34.429 [info] [main] Log level: Info
2025-09-03 13:37:34.429 [info] [main] Validating found git in: "git"
2025-09-03 13:37:34.429 [info] [main] Using git "2.50.1" from "git"
2025-09-03 13:37:34.429 [info] [Model][doInitialScan] Initial repository scan started
2025-09-03 13:37:34.429 [info] > git rev-parse --show-toplevel [7ms]
2025-09-03 13:37:34.429 [info] > git rev-parse --git-dir --git-common-dir --show-superproject-working-tree [11ms]
2025-09-03 13:37:34.429 [info] [Model][openRepository] Opened repository (path): /home/kuma/financeApiProject
2025-09-03 13:37:34.429 [info] [Model][openRepository] Opened repository (real path): /home/kuma/financeApiProject
2025-09-03 13:37:34.429 [info] [Model][openRepository] Opened repository (kind): repository
2025-09-03 13:37:34.429 [info] > git rev-parse --show-toplevel [32ms]
2025-09-03 13:37:34.429 [info] > git config --get commit.template [47ms]
2025-09-03 13:37:34.429 [info] > git rev-parse --show-toplevel [34ms]
2025-09-03 13:37:34.429 [info] > git for-each-ref --format=%(refname)%00%(upstream:short)%00%(objectname)%00%(upstream:track)%00%(upstream:remotename)%00%(upstream:remoteref) refs/heads/main refs/remotes/main [35ms]
2025-09-03 13:37:34.429 [info] > git rev-parse --show-toplevel [12ms]
2025-09-03 13:37:34.429 [info] [Model][doInitialScan] Initial repository scan completed - repositories (1), closed repositories (0), parent repositories (0), unsafe repositories (0)
2025-09-03 13:37:34.458 [info] > git status -z -uall [19ms]
2025-09-03 13:37:34.460 [info] > git for-each-ref --sort -committerdate --format %(refname)%00%(objectname)%00%(*objectname) [10ms]
2025-09-03 13:37:34.528 [info] > git for-each-ref --format=%(refname)%00%(upstream:short)%00%(objectname)%00%(upstream:track)%00%(upstream:remotename)%00%(upstream:remoteref) refs/heads/main refs/remotes/main [14ms]
2025-09-03 13:37:34.540 [info] > git config --get commit.template [13ms]
2025-09-03 13:37:34.542 [info] > git config --get --local branch.main.vscode-merge-base [4ms]
2025-09-03 13:37:34.569 [info] > git for-each-ref --format=%(refname)%00%(upstream:short)%00%(objectname)%00%(upstream:track)%00%(upstream:remotename)%00%(upstream:remoteref) refs/heads/origin/main refs/remotes/origin/main [10ms]
2025-09-03 13:37:34.597 [info] > git merge-base refs/heads/main refs/remotes/origin/main [9ms]
2025-09-03 13:37:34.608 [info] > git for-each-ref --format=%(refname)%00%(upstream:short)%00%(objectname)%00%(upstream:track)%00%(upstream:remotename)%00%(upstream:remoteref) refs/heads/main refs/remotes/main [39ms]
2025-09-03 13:37:34.610 [info] > git diff --name-status -z --diff-filter=ADMR b7a3333ca211087b12b00a24ebba3c69d65db1f0...refs/remotes/origin/main [3ms]
2025-09-03 13:37:34.631 [info] > git status -z -uall [11ms]
2025-09-03 13:37:34.634 [info] > git for-each-ref --sort -committerdate --format %(refname)%00%(objectname)%00%(*objectname) [4ms]
2025-09-03 13:37:35.395 [info] > git check-ignore -v -z --stdin [9ms]
2025-09-03 13:37:35.454 [info] > git show --textconv :financeAPI/financeAPI/settings.py [11ms]
2025-09-03 13:37:35.456 [info] > git ls-files --stage -- financeAPI/financeAPI/settings.py [4ms]
2025-09-03 13:37:35.471 [info] > git cat-file -s cfe9e64d2f95397339a0ae09f62130f688379ccf [5ms]
2025-09-03 13:37:35.544 [info] > git blame --root --incremental b7a3333ca211087b12b00a24ebba3c69d65db1f0 -- financeAPI/financeAPI/settings.py [5ms]
