2025-09-24 09:51:54.900 [info] semantic_tokens_full file:///home/kuma/pythonProjects/ViewSetsDRF.py 
2025-09-24 09:51:54.954 [info] [Debug - 9:51:54 AM] no definitions found for name "module django" of type 'module' (41:5)
2025-09-24 09:51:54.957 [info] [Debug - 9:51:54 AM] no definitions found for name "module contrib" of type 'module' (41:12)
2025-09-24 09:51:54.960 [info] [Debug - 9:51:54 AM] no definitions found for name "module auth" of type 'module' (41:20)
2025-09-24 09:51:54.960 [info] [Debug - 9:51:54 AM] no definitions found for name "module models" of type 'module' (41:25)
2025-09-24 09:51:54.961 [info] [Debug - 9:51:54 AM] no definitions found for name "module User" of type 'module' (41:39)
2025-09-24 09:51:54.961 [info] [Debug - 9:51:54 AM] no definitions found for name "module django" of type 'module' (42:5)
2025-09-24 09:51:54.961 [info] [Debug - 9:51:54 AM] no definitions found for name "module shortcuts" of type 'module' (42:12)
2025-09-24 09:51:54.962 [info] [Debug - 9:51:54 AM] no definitions found for name "module get_objects_or_404" of type 'module' (42:29)
2025-09-24 09:51:54.962 [info] [Debug - 9:51:54 AM] no definitions found for name "module serializers" of type 'module' (43:6)
2025-09-24 09:51:54.962 [info] [Debug - 9:51:54 AM] no definitions found for name "module UserSerializer" of type 'module' (43:25)
2025-09-24 09:51:54.962 [info] [Debug - 9:51:54 AM] no definitions found for name "module rest_framework" of type 'module' (44:5)
2025-09-24 09:51:54.962 [info] [Debug - 9:51:54 AM] no definitions found for name "module viewsets" of type 'module' (44:27)
2025-09-24 09:51:54.962 [info] [Debug - 9:51:54 AM] no definitions found for name "module rest_framework" of type 'module' (45:5)
2025-09-24 09:51:54.962 [info] [Debug - 9:51:54 AM] no definitions found for name "module response" of type 'module' (45:20)
2025-09-24 09:51:54.963 [info] [Debug - 9:51:54 AM] no definitions found for name "module Response" of type 'module' (45:36)
2025-09-24 09:51:54.963 [info] [Debug - 9:51:54 AM] no definitions found for name "viewsets" of type 'statement' (47:18)
2025-09-24 09:51:54.963 [info] [Debug - 9:51:54 AM] no definitions found for name "ViewSet" of type 'statement' (47:27)
2025-09-24 09:51:54.963 [info] [Debug - 9:51:54 AM] no definitions found for name "User" of type 'statement' (49:19)
2025-09-24 09:51:54.963 [info] [Debug - 9:51:54 AM] no definitions found for name "objects" of type 'statement' (49:24)
2025-09-24 09:51:54.963 [info] [Debug - 9:51:54 AM] no definitions found for name "all" of type 'statement' (49:32)
2025-09-24 09:51:54.963 [info] [Debug - 9:51:54 AM] no definitions found for name "UserSerializer" of type 'statement' (50:22)
2025-09-24 09:51:54.963 [info] [Debug - 9:51:54 AM] no definitions found for name "many" of type 'statement' (50:47)
2025-09-24 09:51:54.964 [info] [Debug - 9:51:54 AM] no definitions found for name "Response" of type 'statement' (51:15)
2025-09-24 09:51:54.964 [info] [Debug - 9:51:54 AM] no definitions found for name "data" of type 'statement' (51:36)
2025-09-24 09:51:54.964 [info] [Debug - 9:51:54 AM] no definitions found for name "User" of type 'statement' (54:19)
2025-09-24 09:51:54.964 [info] [Debug - 9:51:54 AM] no definitions found for name "objects" of type 'statement' (54:24)
2025-09-24 09:51:54.964 [info] [Debug - 9:51:54 AM] no definitions found for name "all" of type 'statement' (54:32)
2025-09-24 09:51:54.964 [info] [Debug - 9:51:54 AM] no definitions found for name "get_objects_or_404" of type 'statement' (55:15)
2025-09-24 09:51:54.965 [info] [Debug - 9:51:54 AM] no definitions found for name "pk" of type 'statement' (55:44)
2025-09-24 09:51:54.965 [info] [Debug - 9:51:54 AM] no definitions found for name "UserSerializer" of type 'statement' (56:22)
2025-09-24 09:51:54.965 [info] [Debug - 9:51:54 AM] no definitions found for name "Response" of type 'statement' (57:15)
2025-09-24 09:51:54.965 [info] [Debug - 9:51:54 AM] no definitions found for name "data" of type 'statement' (57:36)
2025-09-24 09:51:54.965 [info] [Debug - 9:51:54 AM] no definitions found for name "action" of type 'statement' (80:12)
2025-09-24 09:51:55.358 [info] [Debug - 9:51:55 AM] no definitions found for name "IsAuthenticated" of type 'statement' (81:30)
2025-09-24 09:51:55.358 [info] [Debug - 9:51:55 AM] no definitions found for name "IsAdminUser" of type 'statement' (83:30)
2025-09-24 09:51:55.360 [info] semantic_tokens_range file:///home/kuma/pythonProjects/ViewSetsDRF.py 0:0-102:41
2025-09-24 09:51:55.362 [info] [Debug - 9:51:55 AM] multiple definitions found for name "permission_classes" of type 'statement' (84:43):
 <Name full_name='ViewSetsDRF.get_permissions.permission_classes', description='permission_classes = [IsAdminUser]'>
<Name full_name='ViewSetsDRF.get_permissions.permission_classes', description='permission_classes = [IsAuthenticated]'>
2025-09-24 09:51:55.369 [info] [Debug - 9:51:55 AM] no definitions found for name "viewsets" of type 'statement' (87:18)
2025-09-24 09:51:55.369 [info] [Debug - 9:51:55 AM] no definitions found for name "ModelViewSet" of type 'statement' (87:27)
2025-09-24 09:51:55.370 [info] [Debug - 9:51:55 AM] no definitions found for name "Post" of type 'statement' (88:15)
2025-09-24 09:51:55.371 [info] [Debug - 9:51:55 AM] no definitions found for name "objects" of type 'statement' (88:20)
2025-09-24 09:51:55.371 [info] [Debug - 9:51:55 AM] no definitions found for name "module django" of type 'module' (41:5)
2025-09-24 09:51:55.371 [info] [Debug - 9:51:55 AM] no definitions found for name "all" of type 'statement' (88:28)
2025-09-24 09:51:55.372 [info] [Debug - 9:51:55 AM] no definitions found for name "module contrib" of type 'module' (41:12)
2025-09-24 09:51:55.372 [info] [Debug - 9:51:55 AM] no definitions found for name "PostSerializer" of type 'statement' (89:23)
2025-09-24 09:51:55.372 [info] [Debug - 9:51:55 AM] no definitions found for name "module auth" of type 'module' (41:20)
2025-09-24 09:51:55.373 [info] [Debug - 9:51:55 AM] no definitions found for name "IsAuthenticated" of type 'statement' (90:26)
2025-09-24 09:51:55.373 [info] [Debug - 9:51:55 AM] no definitions found for name "module models" of type 'module' (41:25)
2025-09-24 09:51:55.373 [info] [Debug - 9:51:55 AM] no definitions found for name "SessionAuthentication" of type 'statement' (91:30)
2025-09-24 09:51:55.374 [info] [Debug - 9:51:55 AM] no definitions found for name "module User" of type 'module' (41:39)
2025-09-24 09:51:55.374 [info] [Debug - 9:51:55 AM] no definitions found for name "UserRateThrottle" of type 'statement' (92:24)
2025-09-24 09:51:55.374 [info] [Debug - 9:51:55 AM] no definitions found for name "module django" of type 'module' (42:5)
2025-09-24 09:51:55.375 [info] [Debug - 9:51:55 AM] no definitions found for name "filters" of type 'statement' (93:23)
2025-09-24 09:51:55.375 [info] [Debug - 9:51:55 AM] no definitions found for name "module shortcuts" of type 'module' (42:12)
2025-09-24 09:51:55.376 [info] [Debug - 9:51:55 AM] no definitions found for name "SearchFilter" of type 'statement' (93:31)
2025-09-24 09:51:55.376 [info] [Debug - 9:51:55 AM] no definitions found for name "module get_objects_or_404" of type 'module' (42:29)
2025-09-24 09:51:55.376 [info] [Debug - 9:51:55 AM] no definitions found for name "filters" of type 'statement' (93:45)
2025-09-24 09:51:55.377 [info] [Debug - 9:51:55 AM] no definitions found for name "OrderingFilter" of type 'statement' (93:53)
2025-09-24 09:51:55.377 [info] [Debug - 9:51:55 AM] no definitions found for name "PageNumberPagination" of type 'statement' (96:23)
2025-09-24 09:51:55.378 [info] [Debug - 9:51:55 AM] no definitions found for name "module serializers" of type 'module' (43:6)
2025-09-24 09:51:55.378 [info] [Debug - 9:51:55 AM] no definitions found for name "module rest_framework" of type 'module' (100:5)
2025-09-24 09:51:55.378 [info] [Debug - 9:51:55 AM] no definitions found for name "module UserSerializer" of type 'module' (43:25)
2025-09-24 09:51:55.378 [info] [Debug - 9:51:55 AM] no definitions found for name "module decorators" of type 'module' (100:20)
2025-09-24 09:51:55.379 [info] [Debug - 9:51:55 AM] no definitions found for name "module action" of type 'module' (100:38)
2025-09-24 09:51:55.379 [info] [Debug - 9:51:55 AM] no definitions found for name "module rest_framework" of type 'module' (101:5)
2025-09-24 09:51:55.379 [info] [Debug - 9:51:55 AM] no definitions found for name "module response" of type 'module' (101:20)
2025-09-24 09:51:55.379 [info] [Debug - 9:51:55 AM] no definitions found for name "module Response" of type 'module' (101:36)
2025-09-24 09:51:55.380 [info] [Debug - 9:51:55 AM] no definitions found for name "viewsets" of type 'statement' (103:18)
2025-09-24 09:51:55.380 [info] [Debug - 9:51:55 AM] no definitions found for name "ModelViewSet" of type 'statement' (103:27)
2025-09-24 09:51:55.380 [info] [Debug - 9:51:55 AM] no definitions found for name "Post" of type 'statement' (104:15)
2025-09-24 09:51:55.381 [info] [Debug - 9:51:55 AM] no definitions found for name "objects" of type 'statement' (104:20)
2025-09-24 09:51:55.381 [info] [Debug - 9:51:55 AM] no definitions found for name "all" of type 'statement' (104:28)
2025-09-24 09:51:55.381 [info] [Debug - 9:51:55 AM] no definitions found for name "PostSerializer" of type 'statement' (105:23)
2025-09-24 09:51:55.381 [info] [Debug - 9:51:55 AM] no definitions found for name "action" of type 'statement' (107:5)
2025-09-24 09:51:55.382 [info] [Debug - 9:51:55 AM] no definitions found for name "detail" of type 'statement' (107:12)
2025-09-24 09:51:55.382 [info] [Debug - 9:51:55 AM] no definitions found for name "methods" of type 'statement' (107:25)
2025-09-24 09:51:55.385 [info] [Debug - 9:51:55 AM] no definitions found for name "get_object" of type 'statement' (109:20)
2025-09-24 09:51:55.386 [info] [Debug - 9:51:55 AM] no definitions found for name "post.likes += 1" of type 'statement' (110:13)
2025-09-24 09:51:55.387 [info] [Debug - 9:51:55 AM] no definitions found for name "module rest_framework" of type 'module' (44:5)
2025-09-24 09:51:55.387 [info] [Debug - 9:51:55 AM] no definitions found for name "module viewsets" of type 'module' (44:27)
2025-09-24 09:51:55.388 [info] [Debug - 9:51:55 AM] no definitions found for name "module rest_framework" of type 'module' (45:5)
2025-09-24 09:51:55.388 [info] [Debug - 9:51:55 AM] no definitions found for name "save" of type 'statement' (111:13)
2025-09-24 09:51:55.389 [info] [Debug - 9:51:55 AM] no definitions found for name "module response" of type 'module' (45:20)
2025-09-24 09:51:55.389 [info] [Debug - 9:51:55 AM] no definitions found for name "Response" of type 'statement' (112:15)
2025-09-24 09:51:55.390 [info] [Debug - 9:51:55 AM] no definitions found for name "module Response" of type 'module' (45:36)
2025-09-24 09:51:55.392 [info] [Debug - 9:51:55 AM] no definitions found for name "viewsets" of type 'statement' (47:18)
2025-09-24 09:51:55.392 [info] [Debug - 9:51:55 AM] no definitions found for name "ViewSet" of type 'statement' (47:27)
2025-09-24 09:51:55.392 [info] [Debug - 9:51:55 AM] no definitions found for name "User" of type 'statement' (49:19)
2025-09-24 09:51:55.392 [info] [Debug - 9:51:55 AM] no definitions found for name "objects" of type 'statement' (49:24)
2025-09-24 09:51:55.393 [info] [Debug - 9:51:55 AM] no definitions found for name "all" of type 'statement' (49:32)
2025-09-24 09:51:55.393 [info] [Debug - 9:51:55 AM] no definitions found for name "UserSerializer" of type 'statement' (50:22)
2025-09-24 09:51:55.394 [info] [Debug - 9:51:55 AM] no definitions found for name "many" of type 'statement' (50:47)
2025-09-24 09:51:55.394 [info] [Debug - 9:51:55 AM] no definitions found for name "Response" of type 'statement' (51:15)
2025-09-24 09:51:55.395 [info] [Debug - 9:51:55 AM] no definitions found for name "data" of type 'statement' (51:36)
2025-09-24 09:51:55.396 [info] [Debug - 9:51:55 AM] no definitions found for name "User" of type 'statement' (54:19)
2025-09-24 09:51:55.397 [info] [Debug - 9:51:55 AM] no definitions found for name "objects" of type 'statement' (54:24)
2025-09-24 09:51:55.398 [info] [Debug - 9:51:55 AM] no definitions found for name "all" of type 'statement' (54:32)
2025-09-24 09:51:55.398 [info] [Debug - 9:51:55 AM] no definitions found for name "get_objects_or_404" of type 'statement' (55:15)
2025-09-24 09:51:55.398 [info] [Debug - 9:51:55 AM] no definitions found for name "pk" of type 'statement' (55:44)
2025-09-24 09:51:55.399 [info] [Debug - 9:51:55 AM] no definitions found for name "UserSerializer" of type 'statement' (56:22)
2025-09-24 09:51:55.402 [info] [Debug - 9:51:55 AM] no definitions found for name "Response" of type 'statement' (57:15)
2025-09-24 09:51:55.403 [info] [Debug - 9:51:55 AM] no definitions found for name "data" of type 'statement' (57:36)
2025-09-24 09:51:55.407 [info] [Debug - 9:51:55 AM] no definitions found for name "action" of type 'statement' (80:12)
2025-09-24 09:51:55.410 [info] [Debug - 9:51:55 AM] no definitions found for name "IsAuthenticated" of type 'statement' (81:30)
2025-09-24 09:51:55.411 [info] [Debug - 9:51:55 AM] no definitions found for name "IsAdminUser" of type 'statement' (83:30)
2025-09-24 09:51:55.414 [info] [Debug - 9:51:55 AM] multiple definitions found for name "permission_classes" of type 'statement' (84:43):
 <Name full_name='ViewSetsDRF.get_permissions.permission_classes', description='permission_classes = [IsAdminUser]'>
<Name full_name='ViewSetsDRF.get_permissions.permission_classes', description='permission_classes = [IsAuthenticated]'>
2025-09-24 09:51:55.415 [info] [Debug - 9:51:55 AM] no definitions found for name "viewsets" of type 'statement' (87:18)
2025-09-24 09:51:55.416 [info] [Debug - 9:51:55 AM] no definitions found for name "ModelViewSet" of type 'statement' (87:27)
2025-09-24 09:51:55.419 [info] [Debug - 9:51:55 AM] no definitions found for name "Post" of type 'statement' (88:15)
2025-09-24 09:51:55.419 [info] [Debug - 9:51:55 AM] no definitions found for name "objects" of type 'statement' (88:20)
2025-09-24 09:51:55.419 [info] [Debug - 9:51:55 AM] no definitions found for name "all" of type 'statement' (88:28)
2025-09-24 09:51:55.420 [info] [Debug - 9:51:55 AM] no definitions found for name "PostSerializer" of type 'statement' (89:23)
2025-09-24 09:51:55.421 [info] [Debug - 9:51:55 AM] no definitions found for name "IsAuthenticated" of type 'statement' (90:26)
2025-09-24 09:51:55.422 [info] [Debug - 9:51:55 AM] no definitions found for name "SessionAuthentication" of type 'statement' (91:30)
2025-09-24 09:51:55.423 [info] [Debug - 9:51:55 AM] no definitions found for name "UserRateThrottle" of type 'statement' (92:24)
2025-09-24 09:51:55.424 [info] [Debug - 9:51:55 AM] no definitions found for name "filters" of type 'statement' (93:23)
2025-09-24 09:51:55.425 [info] [Debug - 9:51:55 AM] no definitions found for name "SearchFilter" of type 'statement' (93:31)
2025-09-24 09:51:55.425 [info] [Debug - 9:51:55 AM] no definitions found for name "filters" of type 'statement' (93:45)
2025-09-24 09:51:55.426 [info] [Debug - 9:51:55 AM] no definitions found for name "OrderingFilter" of type 'statement' (93:53)
2025-09-24 09:51:55.427 [info] [Debug - 9:51:55 AM] no definitions found for name "PageNumberPagination" of type 'statement' (96:23)
2025-09-24 09:51:55.428 [info] [Debug - 9:51:55 AM] no definitions found for name "module rest_framework" of type 'module' (100:5)
2025-09-24 09:51:55.429 [info] [Debug - 9:51:55 AM] no definitions found for name "module decorators" of type 'module' (100:20)
2025-09-24 09:51:55.432 [info] [Debug - 9:51:55 AM] no definitions found for name "module action" of type 'module' (100:38)
2025-09-24 09:51:55.432 [info] [Debug - 9:51:55 AM] no definitions found for name "module rest_framework" of type 'module' (101:5)
2025-09-24 09:51:55.432 [info] [Debug - 9:51:55 AM] no definitions found for name "module response" of type 'module' (101:20)
2025-09-24 09:51:55.432 [info] [Debug - 9:51:55 AM] no definitions found for name "module Response" of type 'module' (101:36)
2025-09-24 09:51:55.432 [info] [Debug - 9:51:55 AM] no definitions found for name "viewsets" of type 'statement' (103:18)
2025-09-24 09:51:55.432 [info] [Debug - 9:51:55 AM] no definitions found for name "ModelViewSet" of type 'statement' (103:27)
2025-09-24 09:52:06.614 [info] semantic_tokens_range file:///home/kuma/pythonProjects/routers.py 0:0-57:0
2025-09-24 09:52:06.620 [info] [Debug - 9:52:06 AM] no definitions found for name "module rest_framework" of type 'module' (13:5)
2025-09-24 09:52:06.620 [info] [Debug - 9:52:06 AM] no definitions found for name "module routers" of type 'module' (13:20)
2025-09-24 09:52:06.621 [info] [Debug - 9:52:06 AM] no definitions found for name "module DefaultRouter" of type 'module' (13:35)
2025-09-24 09:52:06.626 [info] [Debug - 9:52:06 AM] no definitions found for name "module views" of type 'module' (14:6)
2025-09-24 09:52:06.628 [info] [Debug - 9:52:06 AM] no definitions found for name "module PostViewSet" of type 'module' (14:19)
2025-09-24 09:52:06.628 [info] [Debug - 9:52:06 AM] no definitions found for name "DefaultRouter" of type 'statement' (16:9)
2025-09-24 09:52:06.635 [info] [Debug - 9:52:06 AM] no definitions found for name "register" of type 'statement' (17:7)
2025-09-24 09:52:06.638 [info] [Debug - 9:52:06 AM] no definitions found for name "PostViewSet" of type 'statement' (17:26)
2025-09-24 09:52:06.638 [info] [Debug - 9:52:06 AM] no definitions found for name "basemane" of type 'statement' (17:39)
2025-09-24 09:52:06.638 [info] [Debug - 9:52:06 AM] no definitions found for name "urls" of type 'statement' (19:21)
2025-09-24 09:52:06.638 [info] [Debug - 9:52:06 AM] no definitions found for name "module rest_framework" of type 'module' (24:5)
2025-09-24 09:52:06.638 [info] [Debug - 9:52:06 AM] no definitions found for name "module routers" of type 'module' (24:20)
2025-09-24 09:52:06.639 [info] [Debug - 9:52:06 AM] no definitions found for name "module SimpleRouter" of type 'module' (24:35)
2025-09-24 09:52:06.640 [info] [Debug - 9:52:06 AM] no definitions found for name "SimpleRouter" of type 'statement' (26:9)
2025-09-24 09:52:06.641 [info] [Debug - 9:52:06 AM] no definitions found for name "register" of type 'statement' (27:7)
2025-09-24 09:52:06.642 [info] [Debug - 9:52:06 AM] no definitions found for name "PostViewSet" of type 'statement' (27:26)
2025-09-24 09:52:06.642 [info] [Debug - 9:52:06 AM] no definitions found for name "basename" of type 'statement' (27:39)
2025-09-24 09:52:06.643 [info] [Debug - 9:52:06 AM] no definitions found for name "viewset" of type 'statement' (35:29)
2025-09-24 09:52:06.644 [info] [Debug - 9:52:06 AM] no definitions found for name "ModelViewSet" of type 'statement' (35:37)
2025-09-24 09:52:06.647 [info] [Debug - 9:52:06 AM] no definitions found for name "Post" of type 'statement' (36:15)
2025-09-24 09:52:06.647 [info] [Debug - 9:52:06 AM] no definitions found for name "objects" of type 'statement' (36:20)
2025-09-24 09:52:06.647 [info] [Debug - 9:52:06 AM] no definitions found for name "all" of type 'statement' (36:28)
2025-09-24 09:52:06.648 [info] [Debug - 9:52:06 AM] no definitions found for name "PostSerializer" of type 'statement' (37:23)
2025-09-24 09:52:06.648 [info] [Debug - 9:52:06 AM] no definitions found for name "action" of type 'statement' (39:5)
2025-09-24 09:52:06.649 [info] [Debug - 9:52:06 AM] no definitions found for name "detail" of type 'statement' (39:12)
2025-09-24 09:52:06.649 [info] [Debug - 9:52:06 AM] no definitions found for name "methods" of type 'statement' (39:25)
2025-09-24 09:52:06.652 [info] [Debug - 9:52:06 AM] no definitions found for name "get_object" of type 'statement' (41:20)
2025-09-24 09:52:06.654 [info] [Debug - 9:52:06 AM] no definitions found for name "post.likes +=1" of type 'statement' (42:13)
2025-09-24 09:52:06.656 [info] [Debug - 9:52:06 AM] no definitions found for name "save" of type 'statement' (43:13)
2025-09-24 09:52:06.656 [info] [Debug - 9:52:06 AM] no definitions found for name "Response" of type 'statement' (44:15)
2025-09-24 09:52:06.658 [info] [Debug - 9:52:06 AM] no definitions found for name "module myapp" of type 'module' (47:5)
2025-09-24 09:52:06.658 [info] [Debug - 9:52:06 AM] no definitions found for name "module permissions" of type 'module' (47:11)
2025-09-24 09:52:06.658 [info] [Debug - 9:52:06 AM] no definitions found for name "module IsAdminOrIsSelf" of type 'module' (47:30)
2025-09-24 09:52:06.658 [info] [Debug - 9:52:06 AM] no definitions found for name "module rest_framework" of type 'module' (48:5)
2025-09-24 09:52:06.658 [info] [Debug - 9:52:06 AM] no definitions found for name "module decorators" of type 'module' (48:20)
2025-09-24 09:52:06.659 [info] [Debug - 9:52:06 AM] no definitions found for name "module action" of type 'module' (48:38)
2025-09-24 09:52:06.659 [info] [Debug - 9:52:06 AM] no definitions found for name "ModelViewSet" of type 'statement' (49:18)
2025-09-24 09:52:06.659 [info] [Debug - 9:52:06 AM] no definitions found for name "action" of type 'statement' (50:5)
2025-09-24 09:52:06.660 [info] [Debug - 9:52:06 AM] no definitions found for name "methods" of type 'statement' (50:12)
2025-09-24 09:52:06.660 [info] [Debug - 9:52:06 AM] no definitions found for name "detail" of type 'statement' (50:30)
2025-09-24 09:52:06.661 [info] [Debug - 9:52:06 AM] no definitions found for name "permission_classes" of type 'statement' (50:43)
2025-09-24 09:52:06.661 [info] [Debug - 9:52:06 AM] no definitions found for name "IsAdminOrIsSelf" of type 'statement' (50:63)
2025-09-24 09:52:06.661 [info] [Debug - 9:52:06 AM] no definitions found for name "url_path" of type 'statement' (51:12)
2025-09-24 09:52:06.661 [info] [Debug - 9:52:06 AM] no definitions found for name "url_name" of type 'statement' (51:40)
2025-09-24 09:52:06.661 [info] [Debug - 9:52:06 AM] no definitions found for name "set_password" of type 'statement' (52:8)
2025-09-24 09:52:06.664 [info] [Debug - 9:52:06 AM] no definitions found for name "self" of type 'statement' (52:21)
2025-09-24 09:52:06.665 [info] [Debug - 9:52:06 AM] no definitions found for name "request" of type 'statement' (52:27)
2025-09-24 09:52:06.665 [info] [Debug - 9:52:06 AM] no definitions found for name "pk" of type 'statement' (52:36)
2025-09-24 09:52:06.934 [info] semantic_tokens_full file:///home/kuma/pythonProjects/routers.py 
2025-09-24 09:52:06.949 [info] [Debug - 9:52:06 AM] no definitions found for name "module rest_framework" of type 'module' (13:5)
2025-09-24 09:52:06.950 [info] [Debug - 9:52:06 AM] no definitions found for name "module routers" of type 'module' (13:20)
2025-09-24 09:52:06.953 [info] [Debug - 9:52:06 AM] no definitions found for name "module DefaultRouter" of type 'module' (13:35)
2025-09-24 09:52:06.955 [info] [Debug - 9:52:06 AM] no definitions found for name "module views" of type 'module' (14:6)
2025-09-24 09:52:06.956 [info] [Debug - 9:52:06 AM] no definitions found for name "module PostViewSet" of type 'module' (14:19)
2025-09-24 09:52:06.958 [info] [Debug - 9:52:06 AM] no definitions found for name "DefaultRouter" of type 'statement' (16:9)
2025-09-24 09:52:06.963 [info] [Debug - 9:52:06 AM] no definitions found for name "register" of type 'statement' (17:7)
2025-09-24 09:52:06.964 [info] [Debug - 9:52:06 AM] no definitions found for name "PostViewSet" of type 'statement' (17:26)
2025-09-24 09:52:06.965 [info] [Debug - 9:52:06 AM] no definitions found for name "basemane" of type 'statement' (17:39)
2025-09-24 09:52:06.967 [info] [Debug - 9:52:06 AM] no definitions found for name "urls" of type 'statement' (19:21)
2025-09-24 09:52:06.968 [info] [Debug - 9:52:06 AM] no definitions found for name "module rest_framework" of type 'module' (24:5)
2025-09-24 09:52:06.969 [info] [Debug - 9:52:06 AM] no definitions found for name "module routers" of type 'module' (24:20)
2025-09-24 09:52:06.970 [info] [Debug - 9:52:06 AM] no definitions found for name "module SimpleRouter" of type 'module' (24:35)
2025-09-24 09:52:06.971 [info] [Debug - 9:52:06 AM] no definitions found for name "SimpleRouter" of type 'statement' (26:9)
2025-09-24 09:52:06.974 [info] [Debug - 9:52:06 AM] no definitions found for name "register" of type 'statement' (27:7)
2025-09-24 09:52:06.976 [info] [Debug - 9:52:06 AM] no definitions found for name "PostViewSet" of type 'statement' (27:26)
2025-09-24 09:52:06.977 [info] [Debug - 9:52:06 AM] no definitions found for name "basename" of type 'statement' (27:39)
2025-09-24 09:52:06.979 [info] [Debug - 9:52:06 AM] no definitions found for name "viewset" of type 'statement' (35:29)
2025-09-24 09:52:06.980 [info] [Debug - 9:52:06 AM] no definitions found for name "ModelViewSet" of type 'statement' (35:37)
2025-09-24 09:52:06.981 [info] [Debug - 9:52:06 AM] no definitions found for name "Post" of type 'statement' (36:15)
2025-09-24 09:52:06.982 [info] [Debug - 9:52:06 AM] no definitions found for name "objects" of type 'statement' (36:20)
2025-09-24 09:52:06.983 [info] [Debug - 9:52:06 AM] no definitions found for name "all" of type 'statement' (36:28)
2025-09-24 09:52:06.984 [info] [Debug - 9:52:06 AM] no definitions found for name "PostSerializer" of type 'statement' (37:23)
2025-09-24 09:52:06.987 [info] [Debug - 9:52:06 AM] no definitions found for name "action" of type 'statement' (39:5)
2025-09-24 09:52:06.989 [info] [Debug - 9:52:06 AM] no definitions found for name "detail" of type 'statement' (39:12)
2025-09-24 09:52:06.990 [info] [Debug - 9:52:06 AM] no definitions found for name "methods" of type 'statement' (39:25)
2025-09-24 09:52:06.994 [info] [Debug - 9:52:06 AM] no definitions found for name "get_object" of type 'statement' (41:20)
2025-09-24 09:52:06.998 [info] [Debug - 9:52:06 AM] no definitions found for name "post.likes +=1" of type 'statement' (42:13)
2025-09-24 09:52:07.003 [info] [Debug - 9:52:07 AM] no definitions found for name "save" of type 'statement' (43:13)
2025-09-24 09:52:07.005 [info] [Debug - 9:52:07 AM] no definitions found for name "Response" of type 'statement' (44:15)
2025-09-24 09:52:07.008 [info] [Debug - 9:52:07 AM] no definitions found for name "module myapp" of type 'module' (47:5)
2025-09-24 09:52:07.009 [info] [Debug - 9:52:07 AM] no definitions found for name "module permissions" of type 'module' (47:11)
2025-09-24 09:52:07.010 [info] [Debug - 9:52:07 AM] no definitions found for name "module IsAdminOrIsSelf" of type 'module' (47:30)
2025-09-24 09:52:07.011 [info] [Debug - 9:52:07 AM] no definitions found for name "module rest_framework" of type 'module' (48:5)
2025-09-24 09:52:07.012 [info] [Debug - 9:52:07 AM] no definitions found for name "module decorators" of type 'module' (48:20)
2025-09-24 09:52:07.013 [info] [Debug - 9:52:07 AM] no definitions found for name "module action" of type 'module' (48:38)
2025-09-24 09:52:07.014 [info] [Debug - 9:52:07 AM] no definitions found for name "ModelViewSet" of type 'statement' (49:18)
2025-09-24 09:52:07.015 [info] [Debug - 9:52:07 AM] no definitions found for name "action" of type 'statement' (50:5)
2025-09-24 09:52:07.017 [info] [Debug - 9:52:07 AM] no definitions found for name "methods" of type 'statement' (50:12)
2025-09-24 09:52:07.019 [info] [Debug - 9:52:07 AM] no definitions found for name "detail" of type 'statement' (50:30)
2025-09-24 09:52:07.022 [info] [Debug - 9:52:07 AM] no definitions found for name "permission_classes" of type 'statement' (50:43)
2025-09-24 09:52:07.023 [info] [Debug - 9:52:07 AM] no definitions found for name "IsAdminOrIsSelf" of type 'statement' (50:63)
2025-09-24 09:52:07.024 [info] [Debug - 9:52:07 AM] no definitions found for name "url_path" of type 'statement' (51:12)
2025-09-24 09:52:07.025 [info] [Debug - 9:52:07 AM] no definitions found for name "url_name" of type 'statement' (51:40)
2025-09-24 09:52:07.025 [info] [Debug - 9:52:07 AM] no definitions found for name "set_password" of type 'statement' (52:8)
2025-09-24 09:52:07.027 [info] [Debug - 9:52:07 AM] no definitions found for name "self" of type 'statement' (52:21)
2025-09-24 09:52:07.029 [info] [Debug - 9:52:07 AM] no definitions found for name "request" of type 'statement' (52:27)
2025-09-24 09:52:07.029 [info] [Debug - 9:52:07 AM] no definitions found for name "pk" of type 'statement' (52:36)
2025-09-24 09:53:12.701 [info] semantic_tokens_range file:///home/kuma/pythonProjects/routers.py 0:0-57:0
2025-09-24 09:53:12.713 [info] [Debug - 9:53:12 AM] no definitions found for name "module rest_framework" of type 'module' (13:5)
2025-09-24 09:53:12.713 [info] [Debug - 9:53:12 AM] no definitions found for name "module routers" of type 'module' (13:20)
2025-09-24 09:53:12.716 [info] [Debug - 9:53:12 AM] no definitions found for name "module DefaultRouter" of type 'module' (13:35)
2025-09-24 09:53:12.717 [info] [Debug - 9:53:12 AM] no definitions found for name "module views" of type 'module' (14:6)
2025-09-24 09:53:12.718 [info] [Debug - 9:53:12 AM] no definitions found for name "module PostViewSet" of type 'module' (14:19)
2025-09-24 09:53:12.722 [info] [Debug - 9:53:12 AM] no definitions found for name "DefaultRouter" of type 'statement' (16:9)
2025-09-24 09:53:12.730 [info] [Debug - 9:53:12 AM] no definitions found for name "register" of type 'statement' (17:7)
2025-09-24 09:53:12.734 [info] [Debug - 9:53:12 AM] no definitions found for name "PostViewSet" of type 'statement' (17:26)
2025-09-24 09:53:12.737 [info] [Debug - 9:53:12 AM] no definitions found for name "basemane" of type 'statement' (17:39)
2025-09-24 09:53:12.737 [info] [Debug - 9:53:12 AM] no definitions found for name "urls" of type 'statement' (19:21)
2025-09-24 09:53:12.737 [info] [Debug - 9:53:12 AM] no definitions found for name "module rest_framework" of type 'module' (24:5)
2025-09-24 09:53:12.737 [info] [Debug - 9:53:12 AM] no definitions found for name "module routers" of type 'module' (24:20)
2025-09-24 09:53:12.737 [info] [Debug - 9:53:12 AM] no definitions found for name "module SimpleRouter" of type 'module' (24:35)
2025-09-24 09:53:12.737 [info] [Debug - 9:53:12 AM] no definitions found for name "SimpleRouter" of type 'statement' (26:9)
2025-09-24 09:53:12.740 [info] [Debug - 9:53:12 AM] no definitions found for name "register" of type 'statement' (27:7)
2025-09-24 09:53:12.744 [info] [Debug - 9:53:12 AM] no definitions found for name "PostViewSet" of type 'statement' (27:26)
2025-09-24 09:53:12.744 [info] [Debug - 9:53:12 AM] no definitions found for name "basename" of type 'statement' (27:39)
2025-09-24 09:53:12.744 [info] [Debug - 9:53:12 AM] no definitions found for name "viewset" of type 'statement' (35:29)
2025-09-24 09:53:12.744 [info] [Debug - 9:53:12 AM] no definitions found for name "ModelViewSet" of type 'statement' (35:37)
2025-09-24 09:53:12.744 [info] [Debug - 9:53:12 AM] no definitions found for name "Post" of type 'statement' (36:15)
2025-09-24 09:53:12.751 [info] [Debug - 9:53:12 AM] no definitions found for name "objects" of type 'statement' (36:20)
2025-09-24 09:53:12.751 [info] [Debug - 9:53:12 AM] no definitions found for name "all" of type 'statement' (36:28)
2025-09-24 09:53:12.751 [info] [Debug - 9:53:12 AM] no definitions found for name "PostSerializer" of type 'statement' (37:23)
2025-09-24 09:53:12.755 [info] [Debug - 9:53:12 AM] no definitions found for name "action" of type 'statement' (39:5)
2025-09-24 09:53:12.755 [info] [Debug - 9:53:12 AM] no definitions found for name "detail" of type 'statement' (39:12)
2025-09-24 09:53:12.755 [info] [Debug - 9:53:12 AM] no definitions found for name "methods" of type 'statement' (39:25)
2025-09-24 09:53:12.757 [info] [Debug - 9:53:12 AM] no definitions found for name "get_object" of type 'statement' (41:20)
2025-09-24 09:53:12.758 [info] [Debug - 9:53:12 AM] no definitions found for name "post.likes +=1" of type 'statement' (42:13)
2025-09-24 09:53:12.761 [info] [Debug - 9:53:12 AM] no definitions found for name "save" of type 'statement' (43:13)
2025-09-24 09:53:12.761 [info] [Debug - 9:53:12 AM] no definitions found for name "Response" of type 'statement' (44:15)
2025-09-24 09:53:12.767 [info] [Debug - 9:53:12 AM] no definitions found for name "module myapp" of type 'module' (47:5)
2025-09-24 09:53:12.770 [info] [Debug - 9:53:12 AM] no definitions found for name "module permissions" of type 'module' (47:11)
2025-09-24 09:53:12.771 [info] [Debug - 9:53:12 AM] no definitions found for name "module IsAdminOrIsSelf" of type 'module' (47:30)
2025-09-24 09:53:12.771 [info] [Debug - 9:53:12 AM] no definitions found for name "module rest_framework" of type 'module' (48:5)
2025-09-24 09:53:12.771 [info] [Debug - 9:53:12 AM] no definitions found for name "module decorators" of type 'module' (48:20)
2025-09-24 09:53:12.772 [info] [Debug - 9:53:12 AM] no definitions found for name "module action" of type 'module' (48:38)
2025-09-24 09:53:12.772 [info] [Debug - 9:53:12 AM] no definitions found for name "ModelViewSet" of type 'statement' (49:18)
2025-09-24 09:53:12.772 [info] [Debug - 9:53:12 AM] no definitions found for name "action" of type 'statement' (50:5)
2025-09-24 09:53:12.773 [info] [Debug - 9:53:12 AM] no definitions found for name "methods" of type 'statement' (50:12)
2025-09-24 09:53:12.773 [info] [Debug - 9:53:12 AM] no definitions found for name "detail" of type 'statement' (50:30)
2025-09-24 09:53:12.773 [info] [Debug - 9:53:12 AM] no definitions found for name "permission_classes" of type 'statement' (50:43)
2025-09-24 09:53:12.773 [info] [Debug - 9:53:12 AM] no definitions found for name "IsAdminOrIsSelf" of type 'statement' (50:63)
2025-09-24 09:53:12.773 [info] [Debug - 9:53:12 AM] no definitions found for name "url_path" of type 'statement' (51:12)
2025-09-24 09:53:12.774 [info] [Debug - 9:53:12 AM] no definitions found for name "url_name" of type 'statement' (51:40)
2025-09-24 09:53:12.777 [info] [Debug - 9:53:12 AM] no definitions found for name "set_password" of type 'statement' (52:8)
2025-09-24 09:53:12.779 [info] [Debug - 9:53:12 AM] no definitions found for name "self" of type 'statement' (52:21)
2025-09-24 09:53:12.779 [info] [Debug - 9:53:12 AM] no definitions found for name "request" of type 'statement' (52:27)
2025-09-24 09:53:12.779 [info] [Debug - 9:53:12 AM] no definitions found for name "pk" of type 'statement' (52:36)
2025-09-24 09:53:12.873 [info] semantic_tokens_full file:///home/kuma/pythonProjects/routers.py 
2025-09-24 09:53:12.876 [info] [Debug - 9:53:12 AM] no definitions found for name "module rest_framework" of type 'module' (13:5)
2025-09-24 09:53:12.876 [info] [Debug - 9:53:12 AM] no definitions found for name "module routers" of type 'module' (13:20)
2025-09-24 09:53:12.876 [info] [Debug - 9:53:12 AM] no definitions found for name "module DefaultRouter" of type 'module' (13:35)
2025-09-24 09:53:12.877 [info] [Debug - 9:53:12 AM] no definitions found for name "module views" of type 'module' (14:6)
2025-09-24 09:53:12.877 [info] [Debug - 9:53:12 AM] no definitions found for name "module PostViewSet" of type 'module' (14:19)
2025-09-24 09:53:12.877 [info] [Debug - 9:53:12 AM] no definitions found for name "DefaultRouter" of type 'statement' (16:9)
2025-09-24 09:53:12.879 [info] [Debug - 9:53:12 AM] no definitions found for name "register" of type 'statement' (17:7)
2025-09-24 09:53:12.879 [info] [Debug - 9:53:12 AM] no definitions found for name "PostViewSet" of type 'statement' (17:26)
2025-09-24 09:53:12.879 [info] [Debug - 9:53:12 AM] no definitions found for name "basemane" of type 'statement' (17:39)
2025-09-24 09:53:12.880 [info] [Debug - 9:53:12 AM] no definitions found for name "urls" of type 'statement' (19:21)
2025-09-24 09:53:12.880 [info] [Debug - 9:53:12 AM] no definitions found for name "module rest_framework" of type 'module' (24:5)
2025-09-24 09:53:12.880 [info] [Debug - 9:53:12 AM] no definitions found for name "module routers" of type 'module' (24:20)
2025-09-24 09:53:12.880 [info] [Debug - 9:53:12 AM] no definitions found for name "module SimpleRouter" of type 'module' (24:35)
2025-09-24 09:53:12.880 [info] [Debug - 9:53:12 AM] no definitions found for name "SimpleRouter" of type 'statement' (26:9)
2025-09-24 09:53:12.881 [info] [Debug - 9:53:12 AM] no definitions found for name "register" of type 'statement' (27:7)
2025-09-24 09:53:12.881 [info] [Debug - 9:53:12 AM] no definitions found for name "PostViewSet" of type 'statement' (27:26)
2025-09-24 09:53:12.881 [info] [Debug - 9:53:12 AM] no definitions found for name "basename" of type 'statement' (27:39)
2025-09-24 09:53:12.882 [info] [Debug - 9:53:12 AM] no definitions found for name "viewset" of type 'statement' (35:29)
2025-09-24 09:53:12.883 [info] [Debug - 9:53:12 AM] no definitions found for name "ModelViewSet" of type 'statement' (35:37)
2025-09-24 09:53:12.884 [info] [Debug - 9:53:12 AM] no definitions found for name "Post" of type 'statement' (36:15)
2025-09-24 09:53:12.887 [info] [Debug - 9:53:12 AM] no definitions found for name "objects" of type 'statement' (36:20)
2025-09-24 09:53:12.887 [info] [Debug - 9:53:12 AM] no definitions found for name "all" of type 'statement' (36:28)
2025-09-24 09:53:12.887 [info] [Debug - 9:53:12 AM] no definitions found for name "PostSerializer" of type 'statement' (37:23)
2025-09-24 09:53:12.887 [info] [Debug - 9:53:12 AM] no definitions found for name "action" of type 'statement' (39:5)
2025-09-24 09:53:12.887 [info] [Debug - 9:53:12 AM] no definitions found for name "detail" of type 'statement' (39:12)
2025-09-24 09:53:12.887 [info] [Debug - 9:53:12 AM] no definitions found for name "methods" of type 'statement' (39:25)
2025-09-24 09:53:12.888 [info] [Debug - 9:53:12 AM] no definitions found for name "get_object" of type 'statement' (41:20)
2025-09-24 09:53:12.890 [info] [Debug - 9:53:12 AM] no definitions found for name "post.likes +=1" of type 'statement' (42:13)
2025-09-24 09:53:12.890 [info] [Debug - 9:53:12 AM] no definitions found for name "save" of type 'statement' (43:13)
2025-09-24 09:53:12.891 [info] [Debug - 9:53:12 AM] no definitions found for name "Response" of type 'statement' (44:15)
2025-09-24 09:53:12.892 [info] [Debug - 9:53:12 AM] no definitions found for name "module myapp" of type 'module' (47:5)
2025-09-24 09:53:12.892 [info] [Debug - 9:53:12 AM] no definitions found for name "module permissions" of type 'module' (47:11)
2025-09-24 09:53:12.892 [info] [Debug - 9:53:12 AM] no definitions found for name "module IsAdminOrIsSelf" of type 'module' (47:30)
2025-09-24 09:53:12.892 [info] [Debug - 9:53:12 AM] no definitions found for name "module rest_framework" of type 'module' (48:5)
2025-09-24 09:53:12.892 [info] [Debug - 9:53:12 AM] no definitions found for name "module decorators" of type 'module' (48:20)
2025-09-24 09:53:12.892 [info] [Debug - 9:53:12 AM] no definitions found for name "module action" of type 'module' (48:38)
2025-09-24 09:53:12.892 [info] [Debug - 9:53:12 AM] no definitions found for name "ModelViewSet" of type 'statement' (49:18)
2025-09-24 09:53:12.893 [info] [Debug - 9:53:12 AM] no definitions found for name "action" of type 'statement' (50:5)
2025-09-24 09:53:12.893 [info] [Debug - 9:53:12 AM] no definitions found for name "methods" of type 'statement' (50:12)
2025-09-24 09:53:12.893 [info] [Debug - 9:53:12 AM] no definitions found for name "detail" of type 'statement' (50:30)
2025-09-24 09:53:12.893 [info] [Debug - 9:53:12 AM] no definitions found for name "permission_classes" of type 'statement' (50:43)
2025-09-24 09:53:12.893 [info] [Debug - 9:53:12 AM] no definitions found for name "IsAdminOrIsSelf" of type 'statement' (50:63)
2025-09-24 09:53:12.893 [info] [Debug - 9:53:12 AM] no definitions found for name "url_path" of type 'statement' (51:12)
2025-09-24 09:53:12.893 [info] [Debug - 9:53:12 AM] no definitions found for name "url_name" of type 'statement' (51:40)
2025-09-24 09:53:12.894 [info] [Debug - 9:53:12 AM] no definitions found for name "set_password" of type 'statement' (52:8)
2025-09-24 09:53:12.894 [info] [Debug - 9:53:12 AM] no definitions found for name "self" of type 'statement' (52:21)
2025-09-24 09:53:12.894 [info] [Debug - 9:53:12 AM] no definitions found for name "request" of type 'statement' (52:27)
2025-09-24 09:53:12.895 [info] [Debug - 9:53:12 AM] no definitions found for name "pk" of type 'statement' (52:36)
2025-09-24 10:04:46.590 [info] WARNING:pygls.protocol.json_rpc:Cancel notification for unknown message id "62"

