2025-09-23 11:26:41.991 [info] [main] Log level: Info
2025-09-23 11:26:41.991 [info] [main] Validating found git in: "git"
2025-09-23 11:26:41.991 [info] [main] Using git "2.50.1" from "git"
2025-09-23 11:26:41.991 [info] [Model][doInitialScan] Initial repository scan started
2025-09-23 11:26:41.991 [info] > git rev-parse --show-toplevel [18ms]
2025-09-23 11:26:41.991 [info] fatal: not a git repository (or any parent up to mount point /)
Stopping at filesystem boundary (GIT_DISCOVERY_ACROSS_FILESYSTEM not set).
2025-09-23 11:26:41.991 [info] [Model][doInitialScan] Initial repository scan completed - repositories (0), closed repositories (0), parent repositories (0), unsafe repositories (0)
2025-09-23 11:26:58.322 [info] > git rev-parse --show-toplevel [3ms]
2025-09-23 11:26:58.322 [info] fatal: not a git repository (or any parent up to mount point /)
Stopping at filesystem boundary (GIT_DISCOVERY_ACROSS_FILESYSTEM not set).
2025-09-23 11:31:20.051 [info] > git rev-parse --show-toplevel [3ms]
2025-09-23 11:31:20.051 [info] fatal: not a git repository (or any parent up to mount point /)
Stopping at filesystem boundary (GIT_DISCOVERY_ACROSS_FILESYSTEM not set).
2025-09-23 14:04:37.178 [info] > git rev-parse --show-toplevel [3ms]
2025-09-23 14:04:37.178 [info] fatal: not a git repository (or any parent up to mount point /)
Stopping at filesystem boundary (GIT_DISCOVERY_ACROSS_FILESYSTEM not set).
2025-09-23 14:05:00.696 [info] > git rev-parse --show-toplevel [2ms]
2025-09-23 14:05:00.696 [info] fatal: not a git repository (or any parent up to mount point /)
Stopping at filesystem boundary (GIT_DISCOVERY_ACROSS_FILESYSTEM not set).
2025-09-23 14:55:50.988 [info] > git rev-parse --show-toplevel [3ms]
2025-09-23 14:55:50.988 [info] fatal: not a git repository (or any parent up to mount point /)
Stopping at filesystem boundary (GIT_DISCOVERY_ACROSS_FILESYSTEM not set).
