2025-09-24 11:11:45.796 [info] read schema from vscode: vscode://schemas/settings/user
2025-09-24 11:11:46.082 [info] read schema from vscode: vscode://schemas/settings/resourceLanguage
2025-09-24 11:11:46.109 [info] read schema from vscode: vscode://schemas/launch
2025-09-24 11:11:46.122 [info] read schema from vscode: vscode://schemas/token-styling
2025-09-24 11:11:46.123 [info] read schema from vscode: vscode://schemas/textmate-colors
2025-09-24 11:11:46.123 [info] read schema from vscode: vscode://schemas/workbench-colors
2025-09-24 11:11:46.624 [info] cancelled
2025-09-24 11:11:46.894 [info] schema change detected vscode://schemas/settings/user
2025-09-24 11:11:46.905 [info] read schema from vscode: vscode://schemas/settings/user
2025-09-24 11:11:56.386 [info] schema change detected vscode://schemas/workbench-colors
2025-09-24 11:11:56.388 [info] read schema from vscode: vscode://schemas/settings/user
2025-09-24 11:11:56.541 [info] read schema from vscode: vscode://schemas/workbench-colors
2025-09-24 11:12:01.603 [info] schema change detected vscode://schemas/settings/user
2025-09-24 11:12:01.605 [info] read schema from vscode: vscode://schemas/settings/user
2025-09-24 11:12:52.801 [info] schema change detected vscode://schemas/settings/user
2025-09-24 11:12:52.808 [info] read schema from vscode: vscode://schemas/settings/user
2025-09-24 11:12:56.109 [info] schema change detected vscode://schemas/workbench-colors
2025-09-24 11:12:56.110 [info] read schema from vscode: vscode://schemas/settings/user
2025-09-24 11:12:56.360 [info] read schema from vscode: vscode://schemas/workbench-colors
2025-09-24 11:13:40.834 [info] schema change detected vscode://schemas/workbench-colors
2025-09-24 11:13:40.839 [info] read schema from vscode: vscode://schemas/settings/user
2025-09-24 11:13:40.992 [info] read schema from vscode: vscode://schemas/workbench-colors
