2025-09-24 09:49:03.999 [info] Deleted marked for removal extension from disk ms-python.python /home/kuma/.vscode-oss/extensions/ms-python.python-2025.12.0-universal
2025-09-24 09:51:19.494 [info] Getting Manifest... jdinhlife.gruvbox
2025-09-24 09:51:20.752 [info] Installing extension: jdinhlife.gruvbox {"isMachineScoped":false,"installPreReleaseVersion":false,"pinned":false,"profileLocation":{"$mid":1,"external":"vscode-userdata:/home/kuma/.vscode-oss/extensions/extensions.json","path":"/home/kuma/.vscode-oss/extensions/extensions.json","scheme":"vscode-userdata"},"isApplicationScoped":false,"productVersion":{"version":"1.103.25610","date":"2025-08-21T18:46:50.660Z"}}
2025-09-24 09:51:22.154 [info] Extracted extension to file:///home/kuma/.vscode-oss/extensions/jdinhlife.gruvbox-1.29.0-universal: jdinhlife.gruvbox
2025-09-24 09:51:22.167 [info] Renamed to /home/kuma/.vscode-oss/extensions/jdinhlife.gruvbox-1.29.0-universal
2025-09-24 09:51:22.187 [info] Extension installed successfully: jdinhlife.gruvbox vscode-userdata:/home/kuma/.vscode-oss/extensions/extensions.json
2025-09-24 09:52:12.445 [info] Uninstalling extension from the profile: jdinhlife.gruvbox@1.29.0 vscode-userdata:/home/kuma/.vscode-oss/extensions/extensions.json
2025-09-24 09:52:12.485 [info] Marked extension as removed jdinhlife.gruvbox-1.29.0-universal
2025-09-24 09:52:13.094 [info] Successfully uninstalled extension from the profile jdinhlife.gruvbox@1.29.0 vscode-userdata:/home/kuma/.vscode-oss/extensions/extensions.json
2025-09-24 09:52:58.885 [info] Getting Manifest... sainnhe.everforest
2025-09-24 09:52:59.178 [info] Installing extension: sainnhe.everforest {"isMachineScoped":false,"installPreReleaseVersion":false,"pinned":false,"profileLocation":{"$mid":1,"external":"vscode-userdata:/home/kuma/.vscode-oss/extensions/extensions.json","path":"/home/kuma/.vscode-oss/extensions/extensions.json","scheme":"vscode-userdata"},"isApplicationScoped":false,"productVersion":{"version":"1.103.25610","date":"2025-08-21T18:46:50.660Z"}}
2025-09-24 09:53:00.000 [info] Extracted extension to file:///home/kuma/.vscode-oss/extensions/sainnhe.everforest-0.3.0-universal: sainnhe.everforest
2025-09-24 09:53:00.022 [info] Renamed to /home/kuma/.vscode-oss/extensions/sainnhe.everforest-0.3.0-universal
2025-09-24 09:53:00.079 [info] Extension installed successfully: sainnhe.everforest vscode-userdata:/home/kuma/.vscode-oss/extensions/extensions.json
2025-09-24 09:54:27.224 [info] Getting Manifest... tomi.greenblue-theme
2025-09-24 09:54:28.164 [info] Installing extension: tomi.greenblue-theme {"isMachineScoped":false,"installPreReleaseVersion":false,"pinned":false,"profileLocation":{"$mid":1,"external":"vscode-userdata:/home/kuma/.vscode-oss/extensions/extensions.json","path":"/home/kuma/.vscode-oss/extensions/extensions.json","scheme":"vscode-userdata"},"isApplicationScoped":false,"productVersion":{"version":"1.103.25610","date":"2025-08-21T18:46:50.660Z"}}
2025-09-24 09:54:30.143 [info] Extracted extension to file:///home/kuma/.vscode-oss/extensions/tomi.greenblue-theme-0.2.3-universal: tomi.greenblue-theme
2025-09-24 09:54:30.156 [info] Renamed to /home/kuma/.vscode-oss/extensions/tomi.greenblue-theme-0.2.3-universal
2025-09-24 09:54:30.200 [info] Extension installed successfully: tomi.greenblue-theme vscode-userdata:/home/kuma/.vscode-oss/extensions/extensions.json
2025-09-24 09:55:17.015 [info] Uninstalling extension from the profile: tomi.greenblue-theme@0.2.3 vscode-userdata:/home/kuma/.vscode-oss/extensions/extensions.json
2025-09-24 09:55:17.088 [info] Marked extension as removed tomi.greenblue-theme-0.2.3-universal
2025-09-24 09:55:17.983 [info] Successfully uninstalled extension from the profile tomi.greenblue-theme@0.2.3 vscode-userdata:/home/kuma/.vscode-oss/extensions/extensions.json
