2025-09-02 17:39:14.778 [info] Extension host with pid 1464509 started
2025-09-02 17:39:14.778 [info] Skipping acquiring lock for /home/kuma/.config/VSCodium/User/workspaceStorage/dff2bced0c292991920e816f02f6ccf9.
2025-09-02 17:39:15.336 [info] ExtensionService#_doActivateExtension vscode.emmet, startup: false, activationEvent: 'onLanguage'
2025-09-02 17:39:15.380 [info] ExtensionService#_doActivateExtension ms-python.python, startup: false, activationEvent: 'onLanguage:python', root cause: ms-python.debugpy
2025-09-02 17:39:15.947 [info] ExtensionService#_doActivateExtension vscode.terminal-suggest, startup: false, activationEvent: 'onTerminalShellIntegration:*'
2025-09-02 17:39:16.166 [info] ExtensionService#_doActivateExtension ms-python.debugpy, startup: false, activationEvent: 'onLanguage:python'
2025-09-02 17:39:16.285 [info] ExtensionService#_doActivateExtension vscode.git-base, startup: true, activationEvent: '*', root cause: vscode.git
2025-09-02 17:39:16.425 [info] ExtensionService#_doActivateExtension vscode.git, startup: true, activationEvent: '*'
2025-09-02 17:39:16.762 [info] ExtensionService#_doActivateExtension vscode.github, startup: true, activationEvent: '*'
2025-09-02 17:39:17.139 [info] Eager extensions activated
2025-09-02 17:39:17.196 [info] ExtensionService#_doActivateExtension vscode.debug-auto-launch, startup: false, activationEvent: 'onStartupFinished'
2025-09-02 17:39:17.209 [info] ExtensionService#_doActivateExtension vscode.merge-conflict, startup: false, activationEvent: 'onStartupFinished'
2025-09-02 17:39:21.647 [info] Extension host terminating: renderer closed the MessagePort
2025-09-02 17:39:21.681 [info] Extension host with pid 1464509 exiting with code 0
2025-09-02 17:39:23.741 [info] Extension host with pid 1464657 started
2025-09-02 17:39:23.741 [info] Skipping acquiring lock for /home/kuma/.config/VSCodium/User/workspaceStorage/d86dd585dd18d9b3ddb0ac6d66dcb4a0.
2025-09-02 17:39:23.764 [info] ExtensionService#_doActivateExtension vscode.git-base, startup: true, activationEvent: '*', root cause: vscode.git
2025-09-02 17:39:23.774 [info] ExtensionService#_doActivateExtension vscode.git, startup: true, activationEvent: '*'
2025-09-02 17:39:23.856 [info] ExtensionService#_doActivateExtension vscode.github, startup: true, activationEvent: '*'
2025-09-02 17:39:24.058 [info] ExtensionService#_doActivateExtension vscode.emmet, startup: false, activationEvent: 'onLanguage'
2025-09-02 17:39:24.103 [info] Eager extensions activated
2025-09-02 17:39:24.129 [info] ExtensionService#_doActivateExtension vscode.debug-auto-launch, startup: false, activationEvent: 'onStartupFinished'
2025-09-02 17:39:24.133 [info] ExtensionService#_doActivateExtension vscode.merge-conflict, startup: false, activationEvent: 'onStartupFinished'
2025-09-02 17:39:24.322 [info] ExtensionService#_doActivateExtension vscode.github-authentication, startup: false, activationEvent: 'onAuthenticationRequest:github'
2025-09-02 17:39:39.773 [info] ExtensionService#_doActivateExtension vscode.terminal-suggest, startup: false, activationEvent: 'onTerminalShellIntegration:*'
2025-09-02 17:43:37.569 [info] ExtensionService#_doActivateExtension vscode.configuration-editing, startup: false, activationEvent: 'onLanguage:jsonc'
2025-09-02 17:43:37.588 [info] ExtensionService#_doActivateExtension vscode.json-language-features, startup: false, activationEvent: 'onLanguage:jsonc'
2025-09-02 17:43:37.765 [info] ExtensionService#_doActivateExtension vscode.typescript-language-features, startup: false, activationEvent: 'onLanguage:jsonc'
2025-09-02 17:43:40.167 [info] ExtensionService#_doActivateExtension ms-python.python, startup: false, activationEvent: 'onLanguage:python', root cause: ms-python.debugpy
2025-09-02 17:43:40.766 [info] ExtensionService#_doActivateExtension ms-python.debugpy, startup: false, activationEvent: 'onLanguage:python'
2025-09-03 13:15:32.281 [info] Extension host terminating: renderer closed the MessagePort
2025-09-03 13:15:32.312 [info] Extension host with pid 1464657 exiting with code 0
