2025-09-02 17:23:04.221 [info] Extension host with pid 1463222 started
2025-09-02 17:23:04.267 [info] ExtensionService#_doActivateExtension vscode.git-base, startup: true, activationEvent: '*', root cause: vscode.git
2025-09-02 17:23:04.286 [info] ExtensionService#_doActivateExtension vscode.git, startup: true, activationEvent: '*'
2025-09-02 17:23:04.418 [info] ExtensionService#_doActivateExtension vscode.github, startup: true, activationEvent: '*'
2025-09-02 17:23:04.590 [info] Eager extensions activated
2025-09-02 17:23:04.606 [info] ExtensionService#_doActivateExtension vscode.debug-auto-launch, startup: false, activationEvent: 'onStartupFinished'
2025-09-02 17:23:04.611 [info] ExtensionService#_doActivateExtension vscode.merge-conflict, startup: false, activationEvent: 'onStartupFinished'
2025-09-02 17:23:16.164 [info] Extension host terminating: renderer closed the MessagePort
2025-09-02 17:23:16.179 [info] Extension host with pid 1463222 exiting with code 0
2025-09-02 17:23:18.527 [info] Extension host with pid 1463298 started
2025-09-02 17:23:18.528 [info] Skipping acquiring lock for /home/kuma/.config/VSCodium/User/workspaceStorage/dff2bced0c292991920e816f02f6ccf9.
2025-09-02 17:23:18.563 [info] ExtensionService#_doActivateExtension vscode.git-base, startup: true, activationEvent: '*'
2025-09-02 17:23:18.575 [info] ExtensionService#_doActivateExtension vscode.github, startup: true, activationEvent: '*'
2025-09-02 17:23:18.662 [info] Eager extensions activated
2025-09-02 17:23:18.664 [info] ExtensionService#_doActivateExtension vscode.debug-auto-launch, startup: false, activationEvent: 'onStartupFinished'
2025-09-02 17:23:18.669 [info] ExtensionService#_doActivateExtension vscode.merge-conflict, startup: false, activationEvent: 'onStartupFinished'
2025-09-02 17:23:20.578 [info] ExtensionService#_doActivateExtension vscode.git, startup: false, activationEvent: 'api', root cause: vscode.github
2025-09-02 17:23:30.109 [info] ExtensionService#_doActivateExtension vscode.emmet, startup: false, activationEvent: 'onLanguage'
2025-09-02 17:23:59.548 [info] ExtensionService#_doActivateExtension ms-python.python, startup: false, activationEvent: 'onLanguage:python', root cause: ms-python.debugpy
2025-09-02 17:24:00.339 [info] ExtensionService#_doActivateExtension ms-python.debugpy, startup: false, activationEvent: 'onLanguage:python'
2025-09-02 17:24:01.234 [info] ExtensionService#_doActivateExtension vscode.terminal-suggest, startup: false, activationEvent: 'onTerminalShellIntegration:*'
2025-09-02 17:24:16.414 [info] ExtensionService#_doActivateExtension vscode.configuration-editing, startup: false, activationEvent: 'onLanguage:jsonc'
2025-09-02 17:24:16.431 [info] ExtensionService#_doActivateExtension vscode.json-language-features, startup: false, activationEvent: 'onLanguage:jsonc'
2025-09-02 17:24:16.533 [info] ExtensionService#_doActivateExtension vscode.typescript-language-features, startup: false, activationEvent: 'onLanguage:jsonc'
2025-09-02 17:25:05.306 [info] ExtensionService#_doActivateExtension vscode.npm, startup: false, activationEvent: 'onTerminalQuickFixRequest:ms-vscode.npm-command'
2025-09-02 17:38:59.392 [info] Extension host terminating: renderer closed the MessagePort
2025-09-02 17:38:59.428 [info] Extension host with pid 1463298 exiting with code 0
