2025-09-24 09:49:05.445 [info] [main] Log level: Info
2025-09-24 09:49:05.445 [info] [main] Validating found git in: "git"
2025-09-24 09:49:05.445 [info] [main] Using git "2.50.1" from "git"
2025-09-24 09:49:05.445 [info] [Model][doInitialScan] Initial repository scan started
2025-09-24 09:49:05.445 [info] > git rev-parse --show-toplevel [16ms]
2025-09-24 09:49:05.445 [info] fatal: not a git repository (or any parent up to mount point /)
Stopping at filesystem boundary (GIT_DISCOVERY_ACROSS_FILESYSTEM not set).
2025-09-24 09:49:05.445 [info] [Model][doInitialScan] Initial repository scan completed - repositories (0), closed repositories (0), parent repositories (0), unsafe repositories (0)
2025-09-24 09:51:54.765 [info] > git rev-parse --show-toplevel [4ms]
2025-09-24 09:51:54.765 [info] fatal: not a git repository (or any parent up to mount point /)
Stopping at filesystem boundary (GIT_DISCOVERY_ACROSS_FILESYSTEM not set).
2025-09-24 09:52:06.430 [info] > git rev-parse --show-toplevel [4ms]
2025-09-24 09:52:06.430 [info] fatal: not a git repository (or any parent up to mount point /)
Stopping at filesystem boundary (GIT_DISCOVERY_ACROSS_FILESYSTEM not set).
2025-09-24 09:53:12.590 [info] > git rev-parse --show-toplevel [3ms]
2025-09-24 09:53:12.590 [info] fatal: not a git repository (or any parent up to mount point /)
Stopping at filesystem boundary (GIT_DISCOVERY_ACROSS_FILESYSTEM not set).
2025-09-24 09:55:28.885 [info] > git rev-parse --show-toplevel [2ms]
2025-09-24 09:55:28.886 [info] fatal: not a git repository (or any parent up to mount point /)
Stopping at filesystem boundary (GIT_DISCOVERY_ACROSS_FILESYSTEM not set).
2025-09-24 09:55:31.584 [info] > git rev-parse --show-toplevel [4ms]
2025-09-24 09:55:31.584 [info] fatal: not a git repository (or any parent up to mount point /)
Stopping at filesystem boundary (GIT_DISCOVERY_ACROSS_FILESYSTEM not set).
2025-09-24 09:55:32.945 [info] > git rev-parse --show-toplevel [4ms]
2025-09-24 09:55:32.945 [info] fatal: not a git repository (or any parent up to mount point /)
Stopping at filesystem boundary (GIT_DISCOVERY_ACROSS_FILESYSTEM not set).
2025-09-24 09:55:51.437 [info] > git rev-parse --show-toplevel [11ms]
2025-09-24 09:55:51.437 [info] fatal: not a git repository (or any parent up to mount point /)
Stopping at filesystem boundary (GIT_DISCOVERY_ACROSS_FILESYSTEM not set).
2025-09-24 09:55:56.548 [info] > git rev-parse --show-toplevel [2ms]
2025-09-24 09:55:56.548 [info] fatal: not a git repository (or any parent up to mount point /)
Stopping at filesystem boundary (GIT_DISCOVERY_ACROSS_FILESYSTEM not set).
2025-09-24 10:04:36.405 [info] > git rev-parse --show-toplevel [3ms]
2025-09-24 10:04:36.405 [info] fatal: not a git repository (or any parent up to mount point /)
Stopping at filesystem boundary (GIT_DISCOVERY_ACROSS_FILESYSTEM not set).
2025-09-24 10:04:40.190 [info] > git rev-parse --show-toplevel [3ms]
2025-09-24 10:04:40.190 [info] fatal: not a git repository (or any parent up to mount point /)
Stopping at filesystem boundary (GIT_DISCOVERY_ACROSS_FILESYSTEM not set).
2025-09-24 10:04:41.062 [info] > git rev-parse --show-toplevel [4ms]
2025-09-24 10:04:41.062 [info] fatal: not a git repository (or any parent up to mount point /)
Stopping at filesystem boundary (GIT_DISCOVERY_ACROSS_FILESYSTEM not set).
2025-09-24 11:12:01.412 [info] > git rev-parse --show-toplevel [4ms]
2025-09-24 11:12:01.412 [info] fatal: not a git repository (or any parent up to mount point /)
Stopping at filesystem boundary (GIT_DISCOVERY_ACROSS_FILESYSTEM not set).
