2025-09-02 17:39:16.150 [info] Telemetry level is off
2025-09-02 17:39:16.150 [info] Experiments are disabled, only manually opted experiments are active.
2025-09-02 17:39:16.150 [warning] Dir "/home/kuma/financeAPI/.pixi/envs" is not watchable (directory does not exist)
2025-09-02 17:39:16.154 [info] Python interpreter path: ./env/bin/python
2025-09-02 17:39:16.420 [info] > pyenv which python
2025-09-02 17:39:16.420 [info] cwd: .
2025-09-02 17:39:18.932 [info] Starting Jedi language server for financeAPI.
2025-09-02 17:43:40.749 [info] Telemetry level is off
2025-09-02 17:43:40.749 [info] Experiments are disabled, only manually opted experiments are active.
2025-09-02 17:43:40.749 [warning] Dir "/home/kuma/financeApiProject/.pixi/envs" is not watchable (directory does not exist)
2025-09-02 17:43:40.749 [info] Starting Environment refresh
2025-09-02 17:43:40.749 [info] Starting Environment refresh
2025-09-02 17:43:40.749 [info] > hatch env show --json
2025-09-02 17:43:40.749 [info] cwd: .
2025-09-02 17:43:40.919 [info] > ./env/bin/python -I ~/.vscode-oss/extensions/ms-python.python-2025.4.0-universal/python_files/get_output_via_markers.py ~/.vscode-oss/extensions/ms-python.python-2025.4.0-universal/python_files/interpreterInfo.py
2025-09-02 17:43:40.919 [info] Environments refresh paths discovered: 220 milliseconds
2025-09-02 17:43:40.919 [info] Environments refresh paths discovered: 222 milliseconds
2025-09-02 17:43:40.997 [info] Environments refresh finished (event): 297 milliseconds
2025-09-02 17:43:40.997 [info] Environments refresh finished (event): 300 milliseconds
2025-09-02 17:43:40.999 [info] Environment refresh took 300 milliseconds
2025-09-02 17:43:41.001 [info] Environment refresh took 305 milliseconds
2025-09-02 17:43:41.006 [info] > pyenv which python
2025-09-02 17:43:41.006 [info] cwd: .
2025-09-02 17:43:41.028 [info] Python interpreter path: ./env/bin/python
2025-09-02 17:43:41.994 [info] Starting Jedi language server for financeApiProject.
2025-09-02 17:43:56.988 [info] Discover tests for workspace name: undefined - uri: /home/kuma/.config/VSCodium/User/settings.json
2025-09-02 17:44:02.511 [info] Discover tests for workspace name: undefined - uri: /home/kuma/.config/VSCodium/User/settings.json
2025-09-02 17:44:05.418 [info] Discover tests for workspace name: undefined - uri: /home/kuma/.config/VSCodium/User/settings.json
2025-09-02 17:44:11.340 [info] Discover tests for workspace name: undefined - uri: /home/kuma/.config/VSCodium/User/settings.json
2025-09-02 17:44:13.268 [info] Discover tests for workspace name: undefined - uri: /home/kuma/.config/VSCodium/User/settings.json
2025-09-02 17:44:15.248 [info] Discover tests for workspace name: undefined - uri: /home/kuma/.config/VSCodium/User/settings.json
2025-09-02 17:44:17.375 [info] Discover tests for workspace name: undefined - uri: /home/kuma/.config/VSCodium/User/settings.json
2025-09-02 17:44:56.989 [info] Discover tests for workspace name: undefined - uri: /home/kuma/.config/VSCodium/User/settings.json
2025-09-02 17:45:03.088 [info] Discover tests for workspace name: undefined - uri: /home/kuma/.config/VSCodium/User/settings.json
2025-09-02 17:45:31.049 [info] Discover tests for workspace name: undefined - uri: /home/kuma/.config/VSCodium/User/settings.json
2025-09-02 17:45:40.694 [info] Discover tests for workspace name: undefined - uri: /home/kuma/.config/VSCodium/User/settings.json
2025-09-02 17:48:29.333 [info] Discover tests for workspace name: undefined - uri: /home/kuma/.config/VSCodium/User/settings.json
2025-09-02 17:48:42.226 [info] Discover tests for workspace name: financeApiProject - uri: /home/kuma/financeApiProject/financeAPI/financeAPI/settings.py
2025-09-02 17:52:47.175 [info] Discover tests for workspace name: undefined - uri: /home/kuma/.config/VSCodium/User/settings.json
2025-09-02 17:52:54.359 [info] Discover tests for workspace name: financeApiProject - uri: /home/kuma/financeApiProject/financeAPI/financeAPI/settings.py
2025-09-02 17:55:52.878 [info] Discover tests for workspace name: undefined - uri: /home/kuma/.config/VSCodium/User/settings.json
2025-09-02 17:56:06.083 [info] Discover tests for workspace name: undefined - uri: /home/kuma/.config/VSCodium/User/settings.json
2025-09-02 17:56:06.777 [info] Discover tests for workspace name: undefined - uri: /home/kuma/.config/VSCodium/User/settings.json
2025-09-02 17:56:11.173 [info] Discover tests for workspace name: undefined - uri: /home/kuma/.config/VSCodium/User/settings.json
2025-09-02 17:56:16.326 [info] Discover tests for workspace name: undefined - uri: /home/kuma/.config/VSCodium/User/settings.json
2025-09-02 17:56:33.208 [info] Discover tests for workspace name: undefined - uri: /home/kuma/.config/VSCodium/User/settings.json
2025-09-02 17:56:36.805 [info] Discover tests for workspace name: undefined - uri: /home/kuma/.config/VSCodium/User/settings.json
2025-09-02 17:56:49.134 [info] Discover tests for workspace name: undefined - uri: /home/kuma/.config/VSCodium/User/settings.json
