2025-09-24 11:13:59.531 [info] [main] Log level: Info
2025-09-24 11:13:59.531 [info] [main] Validating found git in: "git"
2025-09-24 11:13:59.531 [info] [main] Using git "2.50.1" from "git"
2025-09-24 11:13:59.531 [info] [Model][doInitialScan] Initial repository scan started
2025-09-24 11:13:59.531 [info] [Model][doInitialScan] Initial repository scan completed - repositories (0), closed repositories (0), parent repositories (0), unsafe repositories (0)
2025-09-24 11:20:05.556 [info] > git rev-parse --show-toplevel [7ms]
2025-09-24 11:20:05.556 [info] fatal: not a git repository (or any parent up to mount point /)
Stopping at filesystem boundary (GIT_DISCOVERY_ACROSS_FILESYSTEM not set).
2025-09-24 11:20:18.614 [info] > git rev-parse --show-toplevel [6ms]
2025-09-24 11:20:18.614 [info] fatal: not a git repository (or any parent up to mount point /)
Stopping at filesystem boundary (GIT_DISCOVERY_ACROSS_FILESYSTEM not set).
2025-09-24 11:20:19.739 [info] > git rev-parse --show-toplevel [3ms]
2025-09-24 11:20:19.739 [info] fatal: not a git repository (or any parent up to mount point /)
Stopping at filesystem boundary (GIT_DISCOVERY_ACROSS_FILESYSTEM not set).
2025-09-24 11:20:22.841 [info] > git rev-parse --show-toplevel [4ms]
2025-09-24 11:20:22.841 [info] fatal: not a git repository (or any parent up to mount point /)
Stopping at filesystem boundary (GIT_DISCOVERY_ACROSS_FILESYSTEM not set).
2025-09-24 11:20:23.861 [info] > git rev-parse --show-toplevel [7ms]
2025-09-24 11:20:23.862 [info] fatal: not a git repository (or any parent up to mount point /)
Stopping at filesystem boundary (GIT_DISCOVERY_ACROSS_FILESYSTEM not set).
2025-09-24 11:20:37.692 [info] > git rev-parse --show-toplevel [3ms]
2025-09-24 11:20:37.692 [info] fatal: not a git repository (or any parent up to mount point /)
Stopping at filesystem boundary (GIT_DISCOVERY_ACROSS_FILESYSTEM not set).
2025-09-24 11:20:58.804 [info] > git rev-parse --show-toplevel [5ms]
2025-09-24 11:20:58.805 [info] fatal: not a git repository (or any parent up to mount point /)
Stopping at filesystem boundary (GIT_DISCOVERY_ACROSS_FILESYSTEM not set).
2025-09-24 11:51:13.309 [info] > git rev-parse --show-toplevel [6ms]
2025-09-24 11:51:13.309 [info] fatal: not a git repository (or any parent up to mount point /)
Stopping at filesystem boundary (GIT_DISCOVERY_ACROSS_FILESYSTEM not set).
2025-09-24 13:58:55.264 [info] > git rev-parse --show-toplevel [21ms]
2025-09-24 13:58:55.265 [info] fatal: not a git repository (or any parent up to mount point /)
Stopping at filesystem boundary (GIT_DISCOVERY_ACROSS_FILESYSTEM not set).
2025-09-24 13:59:04.320 [info] > git rev-parse --show-toplevel [8ms]
2025-09-24 13:59:04.320 [info] fatal: not a git repository (or any parent up to mount point /)
Stopping at filesystem boundary (GIT_DISCOVERY_ACROSS_FILESYSTEM not set).
2025-09-24 14:02:54.578 [info] > git rev-parse --show-toplevel [2ms]
2025-09-24 14:02:54.578 [info] fatal: not a git repository (or any parent up to mount point /)
Stopping at filesystem boundary (GIT_DISCOVERY_ACROSS_FILESYSTEM not set).
2025-09-24 14:03:22.243 [info] > git rev-parse --show-toplevel [3ms]
2025-09-24 14:03:22.243 [info] fatal: not a git repository (or any parent up to mount point /)
Stopping at filesystem boundary (GIT_DISCOVERY_ACROSS_FILESYSTEM not set).
2025-09-25 12:00:27.544 [info] > git rev-parse --show-toplevel [5ms]
2025-09-25 12:00:27.545 [info] fatal: not a git repository (or any parent up to mount point /)
Stopping at filesystem boundary (GIT_DISCOVERY_ACROSS_FILESYSTEM not set).
2025-09-25 12:02:46.846 [info] > git rev-parse --show-toplevel [2ms]
2025-09-25 12:02:46.846 [info] fatal: not a git repository (or any parent up to mount point /)
Stopping at filesystem boundary (GIT_DISCOVERY_ACROSS_FILESYSTEM not set).
2025-09-25 14:12:29.159 [info] > git rev-parse --show-toplevel [3ms]
2025-09-25 14:12:29.159 [info] fatal: not a git repository (or any parent up to mount point /)
Stopping at filesystem boundary (GIT_DISCOVERY_ACROSS_FILESYSTEM not set).
2025-09-25 14:21:16.873 [info] > git rev-parse --show-toplevel [2ms]
2025-09-25 14:21:16.873 [info] fatal: not a git repository (or any parent up to mount point /)
Stopping at filesystem boundary (GIT_DISCOVERY_ACROSS_FILESYSTEM not set).
2025-09-25 14:21:20.072 [info] > git rev-parse --show-toplevel [2ms]
2025-09-25 14:21:20.072 [info] fatal: not a git repository (or any parent up to mount point /)
Stopping at filesystem boundary (GIT_DISCOVERY_ACROSS_FILESYSTEM not set).
2025-09-25 14:26:54.518 [info] > git rev-parse --show-toplevel [2ms]
2025-09-25 14:26:54.518 [info] fatal: not a git repository (or any parent up to mount point /)
Stopping at filesystem boundary (GIT_DISCOVERY_ACROSS_FILESYSTEM not set).
2025-09-25 14:26:55.886 [info] > git rev-parse --show-toplevel [2ms]
2025-09-25 14:26:55.886 [info] fatal: not a git repository (or any parent up to mount point /)
Stopping at filesystem boundary (GIT_DISCOVERY_ACROSS_FILESYSTEM not set).
2025-09-25 14:32:20.377 [info] > git rev-parse --show-toplevel [2ms]
2025-09-25 14:32:20.377 [info] fatal: not a git repository (or any parent up to mount point /)
Stopping at filesystem boundary (GIT_DISCOVERY_ACROSS_FILESYSTEM not set).
2025-09-25 14:32:24.047 [info] > git rev-parse --show-toplevel [2ms]
2025-09-25 14:32:24.047 [info] fatal: not a git repository (or any parent up to mount point /)
Stopping at filesystem boundary (GIT_DISCOVERY_ACROSS_FILESYSTEM not set).
2025-09-25 15:25:16.464 [info] > git rev-parse --show-toplevel [2ms]
2025-09-25 15:25:16.464 [info] fatal: not a git repository (or any parent up to mount point /)
Stopping at filesystem boundary (GIT_DISCOVERY_ACROSS_FILESYSTEM not set).
2025-09-25 15:25:17.649 [info] > git rev-parse --show-toplevel [2ms]
2025-09-25 15:25:17.650 [info] fatal: not a git repository (or any parent up to mount point /)
Stopping at filesystem boundary (GIT_DISCOVERY_ACROSS_FILESYSTEM not set).
2025-09-25 15:33:26.442 [info] > git rev-parse --show-toplevel [2ms]
2025-09-25 15:33:26.442 [info] fatal: not a git repository (or any parent up to mount point /)
Stopping at filesystem boundary (GIT_DISCOVERY_ACROSS_FILESYSTEM not set).
2025-09-25 15:33:27.843 [info] > git rev-parse --show-toplevel [4ms]
2025-09-25 15:33:27.843 [info] fatal: not a git repository (or any parent up to mount point /)
Stopping at filesystem boundary (GIT_DISCOVERY_ACROSS_FILESYSTEM not set).
2025-09-25 15:46:02.531 [info] > git rev-parse --show-toplevel [6ms]
2025-09-25 15:46:02.531 [info] fatal: not a git repository (or any parent up to mount point /)
Stopping at filesystem boundary (GIT_DISCOVERY_ACROSS_FILESYSTEM not set).
2025-09-25 15:49:16.914 [info] > git rev-parse --show-toplevel [2ms]
2025-09-25 15:49:16.914 [info] fatal: not a git repository (or any parent up to mount point /)
Stopping at filesystem boundary (GIT_DISCOVERY_ACROSS_FILESYSTEM not set).
2025-09-25 15:49:18.093 [info] > git rev-parse --show-toplevel [3ms]
2025-09-25 15:49:18.093 [info] fatal: not a git repository (or any parent up to mount point /)
Stopping at filesystem boundary (GIT_DISCOVERY_ACROSS_FILESYSTEM not set).
2025-09-25 16:50:41.279 [info] > git rev-parse --show-toplevel [3ms]
2025-09-25 16:50:41.286 [info] fatal: not a git repository (or any parent up to mount point /)
Stopping at filesystem boundary (GIT_DISCOVERY_ACROSS_FILESYSTEM not set).
2025-09-25 16:51:35.521 [info] > git rev-parse --show-toplevel [4ms]
2025-09-25 16:51:35.521 [info] fatal: not a git repository (or any parent up to mount point /)
Stopping at filesystem boundary (GIT_DISCOVERY_ACROSS_FILESYSTEM not set).
2025-09-25 16:52:37.374 [info] > git rev-parse --show-toplevel [5ms]
2025-09-25 16:52:37.374 [info] fatal: not a git repository (or any parent up to mount point /)
Stopping at filesystem boundary (GIT_DISCOVERY_ACROSS_FILESYSTEM not set).
2025-09-25 16:52:39.199 [info] > git rev-parse --show-toplevel [3ms]
2025-09-25 16:52:39.199 [info] fatal: not a git repository (or any parent up to mount point /)
Stopping at filesystem boundary (GIT_DISCOVERY_ACROSS_FILESYSTEM not set).
2025-09-25 17:06:57.671 [info] > git rev-parse --show-toplevel [2ms]
2025-09-25 17:06:57.671 [info] fatal: not a git repository (or any parent up to mount point /)
Stopping at filesystem boundary (GIT_DISCOVERY_ACROSS_FILESYSTEM not set).
2025-09-25 17:07:33.425 [info] > git rev-parse --show-toplevel [6ms]
2025-09-25 17:07:33.425 [info] fatal: not a git repository (or any parent up to mount point /)
Stopping at filesystem boundary (GIT_DISCOVERY_ACROSS_FILESYSTEM not set).
2025-09-26 11:45:28.129 [info] > git rev-parse --show-toplevel [3ms]
2025-09-26 11:45:28.136 [info] fatal: not a git repository (or any parent up to mount point /)
Stopping at filesystem boundary (GIT_DISCOVERY_ACROSS_FILESYSTEM not set).
2025-09-26 17:03:50.686 [info] > git rev-parse --show-toplevel [8ms]
2025-09-26 17:03:50.687 [info] fatal: not a git repository (or any parent up to mount point /)
Stopping at filesystem boundary (GIT_DISCOVERY_ACROSS_FILESYSTEM not set).
2025-09-26 17:04:34.958 [info] > git rev-parse --show-toplevel [3ms]
2025-09-26 17:04:34.958 [info] fatal: not a git repository (or any parent up to mount point /)
Stopping at filesystem boundary (GIT_DISCOVERY_ACROSS_FILESYSTEM not set).
