2025-09-02 17:39:17.145 [info] [main] Log level: Info
2025-09-02 17:39:17.145 [info] [main] Validating found git in: "git"
2025-09-02 17:39:17.145 [info] [main] Using git "2.50.1" from "git"
2025-09-02 17:39:17.145 [info] [Model][doInitialScan] Initial repository scan started
2025-09-02 17:39:17.145 [info] > git rev-parse --show-toplevel [12ms]
2025-09-02 17:39:17.145 [info] fatal: not a git repository (or any parent up to mount point /)
Stopping at filesystem boundary (GIT_DISCOVERY_ACROSS_FILESYSTEM not set).
2025-09-02 17:39:17.146 [info] > git rev-parse --show-toplevel [3ms]
2025-09-02 17:39:17.146 [info] fatal: not a git repository (or any parent up to mount point /)
Stopping at filesystem boundary (GIT_DISCOVERY_ACROSS_FILESYSTEM not set).
2025-09-02 17:39:17.146 [info] > git rev-parse --show-toplevel [2ms]
2025-09-02 17:39:17.146 [info] fatal: not a git repository (or any parent up to mount point /)
Stopping at filesystem boundary (GIT_DISCOVERY_ACROSS_FILESYSTEM not set).
2025-09-02 17:39:17.146 [info] > git rev-parse --show-toplevel [4ms]
2025-09-02 17:39:17.146 [info] fatal: not a git repository (or any parent up to mount point /)
Stopping at filesystem boundary (GIT_DISCOVERY_ACROSS_FILESYSTEM not set).
2025-09-02 17:39:17.146 [info] [Model][doInitialScan] Initial repository scan completed - repositories (0), closed repositories (0), parent repositories (0), unsafe repositories (0)
2025-09-02 17:39:18.078 [info] > git rev-parse --show-toplevel [2ms]
2025-09-02 17:39:18.078 [info] fatal: not a git repository (or any parent up to mount point /)
Stopping at filesystem boundary (GIT_DISCOVERY_ACROSS_FILESYSTEM not set).
2025-09-02 17:39:18.510 [info] > git rev-parse --show-toplevel [7ms]
2025-09-02 17:39:18.510 [info] fatal: not a git repository (or any parent up to mount point /)
Stopping at filesystem boundary (GIT_DISCOVERY_ACROSS_FILESYSTEM not set).
2025-09-02 17:39:18.823 [info] > git rev-parse --show-toplevel [5ms]
2025-09-02 17:39:18.823 [info] fatal: not a git repository (or any parent up to mount point /)
Stopping at filesystem boundary (GIT_DISCOVERY_ACROSS_FILESYSTEM not set).
2025-09-02 17:39:23.964 [info] [main] Log level: Info
2025-09-02 17:39:23.964 [info] [main] Validating found git in: "git"
2025-09-02 17:39:23.964 [info] [main] Using git "2.50.1" from "git"
2025-09-02 17:39:23.964 [info] [Model][doInitialScan] Initial repository scan started
2025-09-02 17:39:23.970 [info] > git rev-parse --show-toplevel [7ms]
2025-09-02 17:39:23.982 [info] > git rev-parse --git-dir --git-common-dir --show-superproject-working-tree [4ms]
2025-09-02 17:39:24.012 [info] [Model][openRepository] Opened repository (path): /home/kuma/financeApiProject
2025-09-02 17:39:24.012 [info] [Model][openRepository] Opened repository (real path): /home/kuma/financeApiProject
2025-09-02 17:39:24.012 [info] [Model][openRepository] Opened repository (kind): repository
2025-09-02 17:39:24.048 [info] > git config --get commit.template [18ms]
2025-09-02 17:39:24.054 [info] > git rev-parse --show-toplevel [17ms]
2025-09-02 17:39:24.127 [info] > git rev-parse --show-toplevel [35ms]
2025-09-02 17:39:24.127 [info] [Model][doInitialScan] Initial repository scan completed - repositories (1), closed repositories (0), parent repositories (0), unsafe repositories (0)
2025-09-02 17:39:24.128 [info] > git for-each-ref --format=%(refname)%00%(upstream:short)%00%(objectname)%00%(upstream:track)%00%(upstream:remotename)%00%(upstream:remoteref) refs/heads/main refs/remotes/main [42ms]
2025-09-02 17:39:24.171 [warning] [Git][revParse] Unable to read file: ENOENT: no such file or directory, open '/home/kuma/financeApiProject/.git/refs/remotes/origin/main'
2025-09-02 17:39:24.187 [info] > git rev-parse refs/remotes/origin/main [16ms]
2025-09-02 17:39:24.205 [info] > git status -z -uall [11ms]
2025-09-02 17:39:24.209 [info] > git for-each-ref --sort -committerdate --format %(refname)%00%(objectname)%00%(*objectname) [8ms]
2025-09-02 17:39:24.252 [info] > git for-each-ref --format=%(refname)%00%(upstream:short)%00%(objectname)%00%(upstream:track)%00%(upstream:remotename)%00%(upstream:remoteref) refs/heads/main refs/remotes/main [13ms]
2025-09-02 17:39:24.260 [info] > git config --get commit.template [8ms]
2025-09-02 17:39:24.260 [info] > git config --get --local branch.main.vscode-merge-base [2ms]
2025-09-02 17:39:24.260 [warning] [Git][config] git config failed: Failed to execute git
2025-09-02 17:39:24.271 [info] > git reflog main --grep-reflog=branch: Created from *. [5ms]
2025-09-02 17:39:24.277 [info] > git for-each-ref --format=%(refname)%00%(upstream:short)%00%(objectname)%00%(upstream:track)%00%(upstream:remotename)%00%(upstream:remoteref) refs/heads/main refs/remotes/main [6ms]
2025-09-02 17:39:24.282 [warning] [Git][revParse] Unable to read file: ENOENT: no such file or directory, open '/home/kuma/financeApiProject/.git/refs/remotes/origin/main'
2025-09-02 17:39:24.283 [info] > git symbolic-ref --short refs/remotes/origin/HEAD [7ms]
2025-09-02 17:39:24.288 [info] > git rev-parse refs/remotes/origin/main [6ms]
2025-09-02 17:39:24.301 [info] > git status -z -uall [8ms]
2025-09-02 17:39:24.302 [info] > git for-each-ref --format=%(refname)%00%(upstream:short)%00%(objectname)%00%(upstream:track)%00%(upstream:remotename)%00%(upstream:remoteref) refs/heads/origin/main refs/remotes/origin/main [15ms]
2025-09-02 17:39:24.308 [info] > git for-each-ref --sort -committerdate --format %(refname)%00%(objectname)%00%(*objectname) [9ms]
2025-09-02 17:39:24.315 [info] > git config --add --local branch.main.vscode-merge-base origin/main [8ms]
2025-09-02 17:39:24.356 [info] > git config --get commit.template [35ms]
2025-09-02 17:39:24.371 [info] > git for-each-ref --format=%(refname)%00%(upstream:short)%00%(objectname)%00%(upstream:track)%00%(upstream:remotename)%00%(upstream:remoteref) refs/heads/main refs/remotes/main [5ms]
2025-09-02 17:39:24.376 [warning] [Git][revParse] Unable to read file: ENOENT: no such file or directory, open '/home/kuma/financeApiProject/.git/refs/remotes/origin/main'
2025-09-02 17:39:24.379 [info] > git rev-parse refs/remotes/origin/main [3ms]
2025-09-02 17:39:24.393 [info] > git status -z -uall [7ms]
2025-09-02 17:39:24.394 [info] > git for-each-ref --sort -committerdate --format %(refname)%00%(objectname)%00%(*objectname) [3ms]
2025-09-02 17:39:24.415 [info] > git merge-base refs/heads/main refs/remotes/origin/main [9ms]
2025-09-02 17:39:24.421 [info] > git merge-base refs/heads/main refs/remotes/origin/main [10ms]
2025-09-02 17:39:24.428 [info] > git diff --name-status -z --diff-filter=ADMR 87f83f86a300bc9297fa0c77b2f2364be7f3e7ad...refs/remotes/origin/main [7ms]
2025-09-02 17:39:24.431 [info] > git diff --name-status -z --diff-filter=ADMR 87f83f86a300bc9297fa0c77b2f2364be7f3e7ad...refs/remotes/origin/main [3ms]
2025-09-02 17:39:24.565 [info] > git check-ignore -v -z --stdin [2ms]
2025-09-02 17:39:29.365 [info] > git check-ignore -v -z --stdin [10ms]
2025-09-02 17:39:29.888 [info] > git check-ignore -v -z --stdin [9ms]
2025-09-02 17:39:37.270 [info] > git check-ignore -v -z --stdin [10ms]
2025-09-02 17:39:37.878 [info] > git check-ignore -v -z --stdin [7ms]
2025-09-02 17:39:45.153 [info] > git config --get commit.template [9ms]
2025-09-02 17:39:45.156 [info] > git for-each-ref --format=%(refname)%00%(upstream:short)%00%(objectname)%00%(upstream:track)%00%(upstream:remotename)%00%(upstream:remoteref) refs/heads/main refs/remotes/main [4ms]
2025-09-02 17:39:45.161 [warning] [Git][revParse] Unable to read file: ENOENT: no such file or directory, open '/home/kuma/financeApiProject/.git/refs/remotes/origin/main'
2025-09-02 17:39:45.162 [info] > git rev-parse refs/remotes/origin/main [2ms]
2025-09-02 17:39:45.174 [info] > git status -z -uall [6ms]
2025-09-02 17:39:45.176 [info] > git for-each-ref --sort -committerdate --format %(refname)%00%(objectname)%00%(*objectname) [2ms]
2025-09-02 17:39:46.201 [info] > git config --get commit.template [6ms]
2025-09-02 17:39:46.203 [info] > git for-each-ref --format=%(refname)%00%(upstream:short)%00%(objectname)%00%(upstream:track)%00%(upstream:remotename)%00%(upstream:remoteref) refs/heads/main refs/remotes/main [3ms]
2025-09-02 17:39:46.209 [warning] [Git][revParse] Unable to read file: ENOENT: no such file or directory, open '/home/kuma/financeApiProject/.git/refs/remotes/origin/main'
2025-09-02 17:39:46.211 [info] > git rev-parse refs/remotes/origin/main [2ms]
2025-09-02 17:39:46.222 [info] > git status -z -uall [6ms]
2025-09-02 17:39:46.224 [info] > git for-each-ref --sort -committerdate --format %(refname)%00%(objectname)%00%(*objectname) [2ms]
2025-09-02 17:40:04.239 [info] > git config --get commit.template [7ms]
2025-09-02 17:40:04.241 [info] > git for-each-ref --format=%(refname)%00%(upstream:short)%00%(objectname)%00%(upstream:track)%00%(upstream:remotename)%00%(upstream:remoteref) refs/heads/main refs/remotes/main [3ms]
2025-09-02 17:40:04.247 [warning] [Git][revParse] Unable to read file: ENOENT: no such file or directory, open '/home/kuma/financeApiProject/.git/refs/remotes/origin/main'
2025-09-02 17:40:04.249 [info] > git rev-parse refs/remotes/origin/main [2ms]
2025-09-02 17:40:04.261 [info] > git status -z -uall [6ms]
2025-09-02 17:40:04.263 [info] > git for-each-ref --sort -committerdate --format %(refname)%00%(objectname)%00%(*objectname) [2ms]
2025-09-02 17:40:04.278 [info] > git merge-base refs/heads/main refs/remotes/origin/main [4ms]
2025-09-02 17:40:04.287 [info] > git diff --name-status -z --diff-filter=ADMR 87f83f86a300bc9297fa0c77b2f2364be7f3e7ad...refs/remotes/origin/main [3ms]
2025-09-02 17:40:05.315 [info] > git config --get commit.template [20ms]
2025-09-02 17:40:05.321 [info] > git for-each-ref --format=%(refname)%00%(upstream:short)%00%(objectname)%00%(upstream:track)%00%(upstream:remotename)%00%(upstream:remoteref) refs/heads/main refs/remotes/main [8ms]
2025-09-02 17:40:05.330 [warning] [Git][revParse] Unable to read file: ENOENT: no such file or directory, open '/home/kuma/financeApiProject/.git/refs/remotes/origin/main'
2025-09-02 17:40:05.333 [info] > git rev-parse refs/remotes/origin/main [3ms]
2025-09-02 17:40:05.346 [info] > git status -z -uall [8ms]
2025-09-02 17:40:05.348 [info] > git for-each-ref --sort -committerdate --format %(refname)%00%(objectname)%00%(*objectname) [3ms]
2025-09-02 17:40:16.074 [info] > git config --get commit.template [31ms]
2025-09-02 17:40:16.080 [info] > git for-each-ref --format=%(refname)%00%(upstream:short)%00%(objectname)%00%(upstream:track)%00%(upstream:remotename)%00%(upstream:remoteref) refs/heads/main refs/remotes/main [12ms]
2025-09-02 17:40:16.108 [info] > git status -z -uall [12ms]
2025-09-02 17:40:16.110 [info] > git for-each-ref --sort -committerdate --format %(refname)%00%(objectname)%00%(*objectname) [4ms]
2025-09-02 17:40:16.125 [info] > git merge-base refs/heads/main refs/remotes/origin/main [2ms]
2025-09-02 17:40:16.132 [info] > git diff --name-status -z --diff-filter=ADMR b7a3333ca211087b12b00a24ebba3c69d65db1f0...refs/remotes/origin/main [2ms]
2025-09-02 17:43:08.237 [info] > git check-ignore -v -z --stdin [10ms]
2025-09-02 17:43:40.643 [info] > git show --textconv :financeAPI/financeAPI/settings.py [9ms]
2025-09-02 17:43:40.716 [info] > git ls-files --stage -- financeAPI/financeAPI/settings.py [76ms]
2025-09-02 17:43:40.744 [info] > git cat-file -s cfe9e64d2f95397339a0ae09f62130f688379ccf [19ms]
2025-09-02 17:44:26.301 [info] > git show --textconv :financeAPI/financeAPI/settings.py [29ms]
2025-09-02 17:44:26.302 [info] > git ls-files --stage -- financeAPI/financeAPI/settings.py [2ms]
2025-09-02 17:44:26.315 [info] > git cat-file -s cfe9e64d2f95397339a0ae09f62130f688379ccf [5ms]
2025-09-02 17:45:46.911 [info] > git blame --root --incremental b7a3333ca211087b12b00a24ebba3c69d65db1f0 -- financeAPI/financeAPI/settings.py [3ms]
2025-09-02 17:48:31.570 [info] > git show --textconv :financeAPI/financeAPI/settings.py [9ms]
2025-09-02 17:48:31.571 [info] > git ls-files --stage -- financeAPI/financeAPI/settings.py [2ms]
2025-09-02 17:48:31.581 [info] > git cat-file -s cfe9e64d2f95397339a0ae09f62130f688379ccf [3ms]
2025-09-02 17:48:43.063 [info] > git config --get commit.template [11ms]
2025-09-02 17:48:43.064 [info] > git for-each-ref --format=%(refname)%00%(upstream:short)%00%(objectname)%00%(upstream:track)%00%(upstream:remotename)%00%(upstream:remoteref) refs/heads/main refs/remotes/main [3ms]
2025-09-02 17:48:43.077 [info] > git status -z -uall [7ms]
2025-09-02 17:48:43.078 [info] > git for-each-ref --sort -committerdate --format %(refname)%00%(objectname)%00%(*objectname) [2ms]
2025-09-02 17:52:48.259 [info] > git show --textconv :financeAPI/financeAPI/settings.py [9ms]
2025-09-02 17:52:48.262 [info] > git ls-files --stage -- financeAPI/financeAPI/settings.py [4ms]
2025-09-02 17:52:48.270 [info] > git cat-file -s cfe9e64d2f95397339a0ae09f62130f688379ccf [2ms]
2025-09-02 17:53:02.183 [info] > git config --get commit.template [5ms]
2025-09-02 17:53:02.204 [info] > git for-each-ref --format=%(refname)%00%(upstream:short)%00%(objectname)%00%(upstream:track)%00%(upstream:remotename)%00%(upstream:remoteref) refs/heads/main refs/remotes/main [6ms]
2025-09-02 17:53:02.247 [info] > git status -z -uall [17ms]
2025-09-02 17:53:02.248 [info] > git for-each-ref --sort -committerdate --format %(refname)%00%(objectname)%00%(*objectname) [5ms]
2025-09-02 17:55:53.507 [info] > git show --textconv :financeAPI/financeAPI/settings.py [8ms]
2025-09-02 17:55:53.508 [info] > git ls-files --stage -- financeAPI/financeAPI/settings.py [2ms]
2025-09-02 17:55:53.517 [info] > git cat-file -s cfe9e64d2f95397339a0ae09f62130f688379ccf [4ms]
2025-09-02 17:56:40.923 [info] > git show --textconv :financeAPI/financeAPI/settings.py [10ms]
2025-09-02 17:56:40.924 [info] > git ls-files --stage -- financeAPI/financeAPI/settings.py [3ms]
2025-09-02 17:56:40.934 [info] > git cat-file -s cfe9e64d2f95397339a0ae09f62130f688379ccf [3ms]
2025-09-02 17:56:52.469 [info] > git show --textconv :financeAPI/financeAPI/settings.py [10ms]
2025-09-02 17:56:52.470 [info] > git ls-files --stage -- financeAPI/financeAPI/settings.py [2ms]
2025-09-02 17:56:52.481 [info] > git cat-file -s cfe9e64d2f95397339a0ae09f62130f688379ccf [5ms]
2025-09-02 18:00:08.882 [info] > git show --textconv :financeAPI/financeAPI/settings.py [10ms]
2025-09-02 18:00:08.883 [info] > git ls-files --stage -- financeAPI/financeAPI/settings.py [2ms]
2025-09-02 18:00:08.894 [info] > git cat-file -s cfe9e64d2f95397339a0ae09f62130f688379ccf [4ms]
2025-09-03 11:26:02.788 [info] > git show --textconv :financeAPI/financeAPI/settings.py [8ms]
2025-09-03 11:26:02.791 [info] > git ls-files --stage -- financeAPI/financeAPI/settings.py [3ms]
2025-09-03 11:26:02.800 [info] > git cat-file -s cfe9e64d2f95397339a0ae09f62130f688379ccf [2ms]
