2025-09-02 17:23:04.571 [info] [main] Log level: Info
2025-09-02 17:23:04.571 [info] [main] Validating found git in: "git"
2025-09-02 17:23:04.571 [info] [main] Using git "2.50.1" from "git"
2025-09-02 17:23:04.571 [info] [Model][doInitialScan] Initial repository scan started
2025-09-02 17:23:04.571 [info] [Model][doInitialScan] Initial repository scan completed - repositories (0), closed repositories (0), parent repositories (0), unsafe repositories (0)
2025-09-02 17:23:20.816 [info] [main] Log level: Info
2025-09-02 17:23:20.816 [info] [main] Validating found git in: "git"
2025-09-02 17:23:20.816 [info] [main] Using git "2.50.1" from "git"
2025-09-02 17:23:20.816 [info] [Model][doInitialScan] Initial repository scan started
2025-09-02 17:23:20.816 [info] > git rev-parse --show-toplevel [14ms]
2025-09-02 17:23:20.816 [info] fatal: not a git repository (or any parent up to mount point /)
Stopping at filesystem boundary (GIT_DISCOVERY_ACROSS_FILESYSTEM not set).
2025-09-02 17:23:20.822 [info] > git rev-parse --show-toplevel [2ms]
2025-09-02 17:23:20.822 [info] fatal: not a git repository (or any parent up to mount point /)
Stopping at filesystem boundary (GIT_DISCOVERY_ACROSS_FILESYSTEM not set).
2025-09-02 17:23:20.829 [info] > git rev-parse --show-toplevel [2ms]
2025-09-02 17:23:20.829 [info] fatal: not a git repository (or any parent up to mount point /)
Stopping at filesystem boundary (GIT_DISCOVERY_ACROSS_FILESYSTEM not set).
2025-09-02 17:23:20.830 [info] [Model][doInitialScan] Initial repository scan completed - repositories (0), closed repositories (0), parent repositories (0), unsafe repositories (0)
2025-09-02 17:23:54.581 [info] > git rev-parse --show-toplevel [2ms]
2025-09-02 17:23:54.581 [info] fatal: not a git repository (or any parent up to mount point /)
Stopping at filesystem boundary (GIT_DISCOVERY_ACROSS_FILESYSTEM not set).
2025-09-02 17:23:59.433 [info] > git rev-parse --show-toplevel [2ms]
2025-09-02 17:23:59.433 [info] fatal: not a git repository (or any parent up to mount point /)
Stopping at filesystem boundary (GIT_DISCOVERY_ACROSS_FILESYSTEM not set).
2025-09-02 17:24:00.421 [info] > git rev-parse --show-toplevel [85ms]
2025-09-02 17:24:00.421 [info] fatal: not a git repository (or any parent up to mount point /)
Stopping at filesystem boundary (GIT_DISCOVERY_ACROSS_FILESYSTEM not set).
2025-09-02 17:24:01.333 [info] > git rev-parse --show-toplevel [4ms]
2025-09-02 17:24:01.333 [info] fatal: not a git repository (or any parent up to mount point /)
Stopping at filesystem boundary (GIT_DISCOVERY_ACROSS_FILESYSTEM not set).
2025-09-02 17:24:16.643 [info] > git rev-parse --show-toplevel [21ms]
2025-09-02 17:24:16.643 [info] fatal: not a git repository (or any parent up to mount point /)
Stopping at filesystem boundary (GIT_DISCOVERY_ACROSS_FILESYSTEM not set).
2025-09-02 17:24:17.254 [info] > git rev-parse --show-toplevel [3ms]
2025-09-02 17:24:17.254 [info] fatal: not a git repository (or any parent up to mount point /)
Stopping at filesystem boundary (GIT_DISCOVERY_ACROSS_FILESYSTEM not set).
2025-09-02 17:24:27.759 [info] > git rev-parse --show-toplevel [4ms]
2025-09-02 17:24:27.759 [info] fatal: not a git repository (or any parent up to mount point /)
Stopping at filesystem boundary (GIT_DISCOVERY_ACROSS_FILESYSTEM not set).
2025-09-02 17:25:25.020 [info] > git rev-parse --show-toplevel [3ms]
2025-09-02 17:25:25.020 [info] fatal: not a git repository (or any parent up to mount point /)
Stopping at filesystem boundary (GIT_DISCOVERY_ACROSS_FILESYSTEM not set).
2025-09-02 17:26:43.364 [info] > git rev-parse --show-toplevel [1ms]
2025-09-02 17:26:43.364 [info] fatal: not a git repository (or any parent up to mount point /)
Stopping at filesystem boundary (GIT_DISCOVERY_ACROSS_FILESYSTEM not set).
2025-09-02 17:26:50.733 [info] > git rev-parse --show-toplevel [4ms]
2025-09-02 17:26:50.733 [info] fatal: not a git repository (or any parent up to mount point /)
Stopping at filesystem boundary (GIT_DISCOVERY_ACROSS_FILESYSTEM not set).
2025-09-02 17:26:51.649 [info] > git rev-parse --show-toplevel [7ms]
2025-09-02 17:26:51.649 [info] fatal: not a git repository (or any parent up to mount point /)
Stopping at filesystem boundary (GIT_DISCOVERY_ACROSS_FILESYSTEM not set).
2025-09-02 17:27:23.928 [info] > git rev-parse --show-toplevel [2ms]
2025-09-02 17:27:23.928 [info] fatal: not a git repository (or any parent up to mount point /)
Stopping at filesystem boundary (GIT_DISCOVERY_ACROSS_FILESYSTEM not set).
2025-09-02 17:27:36.699 [info] > git rev-parse --show-toplevel [2ms]
2025-09-02 17:27:36.699 [info] fatal: not a git repository (or any parent up to mount point /)
Stopping at filesystem boundary (GIT_DISCOVERY_ACROSS_FILESYSTEM not set).
2025-09-02 17:27:38.509 [info] > git rev-parse --show-toplevel [3ms]
2025-09-02 17:27:38.509 [info] fatal: not a git repository (or any parent up to mount point /)
Stopping at filesystem boundary (GIT_DISCOVERY_ACROSS_FILESYSTEM not set).
2025-09-02 17:27:54.924 [info] > git rev-parse --show-toplevel [5ms]
2025-09-02 17:27:54.924 [info] fatal: not a git repository (or any parent up to mount point /)
Stopping at filesystem boundary (GIT_DISCOVERY_ACROSS_FILESYSTEM not set).
2025-09-02 17:28:12.667 [info] > git rev-parse --show-toplevel [4ms]
2025-09-02 17:28:12.667 [info] fatal: not a git repository (or any parent up to mount point /)
Stopping at filesystem boundary (GIT_DISCOVERY_ACROSS_FILESYSTEM not set).
2025-09-02 17:28:16.485 [info] > git rev-parse --show-toplevel [2ms]
2025-09-02 17:28:16.485 [info] fatal: not a git repository (or any parent up to mount point /)
Stopping at filesystem boundary (GIT_DISCOVERY_ACROSS_FILESYSTEM not set).
2025-09-02 17:28:29.744 [info] > git rev-parse --show-toplevel [3ms]
2025-09-02 17:28:29.744 [info] fatal: not a git repository (or any parent up to mount point /)
Stopping at filesystem boundary (GIT_DISCOVERY_ACROSS_FILESYSTEM not set).
2025-09-02 17:28:31.905 [info] > git rev-parse --show-toplevel [4ms]
2025-09-02 17:28:31.912 [info] fatal: not a git repository (or any parent up to mount point /)
Stopping at filesystem boundary (GIT_DISCOVERY_ACROSS_FILESYSTEM not set).
2025-09-02 17:28:34.434 [info] > git rev-parse --show-toplevel [3ms]
2025-09-02 17:28:34.435 [info] fatal: not a git repository (or any parent up to mount point /)
Stopping at filesystem boundary (GIT_DISCOVERY_ACROSS_FILESYSTEM not set).
2025-09-02 17:29:10.929 [info] > git rev-parse --show-toplevel [2ms]
2025-09-02 17:29:10.929 [info] fatal: not a git repository (or any parent up to mount point /)
Stopping at filesystem boundary (GIT_DISCOVERY_ACROSS_FILESYSTEM not set).
2025-09-02 17:29:33.367 [info] > git rev-parse --show-toplevel [2ms]
2025-09-02 17:29:33.368 [info] fatal: not a git repository (or any parent up to mount point /)
Stopping at filesystem boundary (GIT_DISCOVERY_ACROSS_FILESYSTEM not set).
2025-09-02 17:29:37.205 [info] > git rev-parse --show-toplevel [2ms]
2025-09-02 17:29:37.205 [info] fatal: not a git repository (or any parent up to mount point /)
Stopping at filesystem boundary (GIT_DISCOVERY_ACROSS_FILESYSTEM not set).
2025-09-02 17:31:44.284 [info] > git rev-parse --show-toplevel [2ms]
2025-09-02 17:31:44.284 [info] fatal: not a git repository (or any parent up to mount point /)
Stopping at filesystem boundary (GIT_DISCOVERY_ACROSS_FILESYSTEM not set).
2025-09-02 17:31:45.305 [info] > git rev-parse --show-toplevel [6ms]
2025-09-02 17:31:45.305 [info] fatal: not a git repository (or any parent up to mount point /)
Stopping at filesystem boundary (GIT_DISCOVERY_ACROSS_FILESYSTEM not set).
2025-09-02 17:32:15.254 [info] > git rev-parse --show-toplevel [2ms]
2025-09-02 17:32:15.254 [info] fatal: not a git repository (or any parent up to mount point /)
Stopping at filesystem boundary (GIT_DISCOVERY_ACROSS_FILESYSTEM not set).
2025-09-02 17:32:46.732 [info] > git rev-parse --show-toplevel [6ms]
2025-09-02 17:32:46.732 [info] fatal: not a git repository (or any parent up to mount point /)
Stopping at filesystem boundary (GIT_DISCOVERY_ACROSS_FILESYSTEM not set).
2025-09-02 17:33:03.249 [info] > git rev-parse --show-toplevel [3ms]
2025-09-02 17:33:03.249 [info] fatal: not a git repository (or any parent up to mount point /)
Stopping at filesystem boundary (GIT_DISCOVERY_ACROSS_FILESYSTEM not set).
2025-09-02 17:33:04.257 [info] > git rev-parse --show-toplevel [2ms]
2025-09-02 17:33:04.257 [info] fatal: not a git repository (or any parent up to mount point /)
Stopping at filesystem boundary (GIT_DISCOVERY_ACROSS_FILESYSTEM not set).
2025-09-02 17:33:21.655 [info] > git rev-parse --show-toplevel [2ms]
2025-09-02 17:33:21.655 [info] fatal: not a git repository (or any parent up to mount point /)
Stopping at filesystem boundary (GIT_DISCOVERY_ACROSS_FILESYSTEM not set).
2025-09-02 17:33:23.341 [info] > git rev-parse --show-toplevel [3ms]
2025-09-02 17:33:23.341 [info] fatal: not a git repository (or any parent up to mount point /)
Stopping at filesystem boundary (GIT_DISCOVERY_ACROSS_FILESYSTEM not set).
