00:00:00.003098 main     VirtualBox XPCOM Server 7.1.12 r169651 linux.amd64 (Jul 15 2025 20:14:26) release log
00:00:00.003100 main     Log opened 2025-08-13T14:27:11.035178000Z
00:00:00.003100 main     Build Type: release
00:00:00.003102 main     OS Product: Linux
00:00:00.003104 main     OS Release: 6.14.11-hardened1-1-hardened
00:00:00.003105 main     OS Version: #1 SMP PREEMPT_DYNAMIC Thu, 19 Jun 2025 21:59:45 +0000
00:00:00.003167 main     DMI Product Name: HP ProBook 440 G4
00:00:00.003187 main     DMI Product Version: 
00:00:00.003197 main     Firmware type: UEFI
00:00:00.003887 main     Secure Boot: Disabled
00:00:00.003949 main     Host RAM: 7829MB (7.6GB) total, 7457MB (7.2GB) available
00:00:00.003952 main     Executable: /usr/lib/virtualbox/VBoxSVC
00:00:00.003952 main     Process ID: 1726
00:00:00.003953 main     Package type: LINUX_64BITS_GENERIC (OSE)
00:00:00.007631 main     IPC socket path: /tmp/.vbox-kuma-ipc/ipcd
00:00:00.050964 DCon01   VirtualBox: object creation starts
00:00:00.053237 DCon01   Home directory: '/home/kuma/.config/VirtualBox'
00:00:00.054357 DCon01   Loading settings file "/home/kuma/.config/VirtualBox/VirtualBox.xml" with version "1.12-linux"
00:00:00.064529 DCon01   Failed to retrive disk info: getDiskName(/dev/mapper/root) --> root
00:00:00.081060 DCon01   NetIfAdpCtlOut: VBoxNetAdpCtl: Error while retrieving link speed for wlp2s0: VBoxNetAdpCtl: ioctl failed: Operation not supported
00:00:00.086460 DCon01   HostDnsMonitor: initializing
00:00:00.086868 DCon01   NAT: resolv.conf: nameserver 192.168.0.1
00:00:00.086908 DCon01   HostDnsMonitor: updating information
00:00:00.086930 DCon01   HostDnsMonitor: old information
00:00:00.086934 DCon01     no server entries
00:00:00.086937 DCon01     no domain set
00:00:00.086939 DCon01     no search string entries
00:00:00.086941 DCon01   HostDnsMonitor: new information
00:00:00.086944 DCon01     server 1: 192.168.0.1
00:00:00.086947 DCon01     domain: IGD_Rostelecom
00:00:00.086949 DCon01     search string 1: IGD_Rostelecom
00:00:00.090086 DCon01   Failed to open "/dev/vboxdrvu", errno=2, rc=VERR_VM_DRIVER_NOT_INSTALLED
00:00:00.091614 DCon01   VD: VDInit finished with VINF_SUCCESS
00:00:00.092750 DCon01   ERROR [COM]: aRC=NS_ERROR_FAILURE (0x80004005) aIID={925084b0-625f-422f-a67d-0ede1880a56c} aComponent={SystemPropertiesWrap} aText={Cannot determine default Guest Additions ISO location. Most likely they are not available}, preserve=false aResultDetail=0
00:00:00.096977 DCon01   Platform architecture set to 'x86'
00:00:00.100222 DCon01   Loading settings file "/home/kuma/VirtualBox VMs/windows 7/windows 7.vbox" with version "1.19-linux"
00:00:00.100474 DCon01   Platform architecture set to 'x86'
00:00:00.101510 DCon01   VirtualBox: object created
00:00:01.125047 DCon03   WARNING [COM]: aRC=NS_ERROR_FAILURE (0x80004005) aIID={d5dcece0-b202-4416-a138-03502784cc07} aComponent={HostWrap} aText={VirtualBox is not currently allowed to access USB devices.  You can change this by adding your user to the 'vboxusers' group.  Please see the user manual for a more detailed explanation}, preserve=true aResultDetail=0
00:00:01.127496 DCon03   WARNING [COM]: aRC=NS_ERROR_FAILURE (0x80004005) aIID={d5dcece0-b202-4416-a138-03502784cc07} aComponent={HostWrap} aText={VirtualBox is not currently allowed to access USB devices.  You can change this by adding your user to the 'vboxusers' group.  Please see the user manual for a more detailed explanation}, preserve=false aResultDetail=0
00:00:01.316023 DCon03   ERROR [COM]: aRC=VBOX_E_OBJECT_NOT_FOUND (0x80bb0001) aIID={5bfd8965-b81b-469f-8649-f717ce97a5d5} aComponent={NvramStoreWrap} aText={The UEFI NVRAM file is not existing for this machine}, preserve=false aResultDetail=0
00:00:01.320756 DCon03   Failed to open "/dev/vboxdrvu", errno=2, rc=VERR_VM_DRIVER_NOT_INSTALLED
00:00:01.482209 DCon03   ERROR [COM]: aRC=VBOX_E_INVALID_VM_STATE (0x80bb0002) aIID={e36a5081-a82a-40bd-9e4e-42a44d6ce50f} aComponent={MachineWrap} aText={The machine is not mutable, saved or running (state is PoweredOff)}, preserve=false aResultDetail=0
00:00:01.656305 DCon03   WARNING [COM]: aRC=NS_ERROR_FAILURE (0x80004005) aIID={d5dcece0-b202-4416-a138-03502784cc07} aComponent={HostWrap} aText={VirtualBox is not currently allowed to access USB devices.  You can change this by adding your user to the 'vboxusers' group.  Please see the user manual for a more detailed explanation}, preserve=true aResultDetail=0
00:00:01.658652 DCon03   WARNING [COM]: aRC=NS_ERROR_FAILURE (0x80004005) aIID={d5dcece0-b202-4416-a138-03502784cc07} aComponent={HostWrap} aText={VirtualBox is not currently allowed to access USB devices.  You can change this by adding your user to the 'vboxusers' group.  Please see the user manual for a more detailed explanation}, preserve=true aResultDetail=0
00:00:06.077818 DCon03   ERROR [COM]: aRC=NS_ERROR_FAILURE (0x80004005) aIID={925084b0-625f-422f-a67d-0ede1880a56c} aComponent={SystemPropertiesWrap} aText={Cannot determine default Guest Additions ISO location. Most likely they are not available}, preserve=false aResultDetail=0
00:00:06.844906 DCon03   Saving settings file "/home/kuma/.config/VirtualBox/VirtualBox.xml" with version "1.12-linux"
00:00:06.851538 DCon03   Finished saving settings file "/home/kuma/.config/VirtualBox/VirtualBox.xml"
00:00:17.924978 DCon03   Saving settings file "/home/kuma/.config/VirtualBox/VirtualBox.xml" with version "1.12-linux"
00:00:17.941755 DCon03   Finished saving settings file "/home/kuma/.config/VirtualBox/VirtualBox.xml"
00:00:17.941939 DCon03   Saving settings file "/home/kuma/.config/VirtualBox/VirtualBox.xml" with version "1.12-linux"
00:00:17.948168 DCon03   Finished saving settings file "/home/kuma/.config/VirtualBox/VirtualBox.xml"
00:00:17.956121 DeleteVM Saving settings file "/home/kuma/.config/VirtualBox/VirtualBox.xml" with version "1.12-linux"
00:00:17.961403 DeleteVM Finished saving settings file "/home/kuma/.config/VirtualBox/VirtualBox.xml"
00:00:17.965462 DCon01   Saving settings file "/home/kuma/.config/VirtualBox/VirtualBox.xml" with version "1.12-linux"
00:00:17.970328 DCon01   Finished saving settings file "/home/kuma/.config/VirtualBox/VirtualBox.xml"
00:00:17.998925 DCon03   ERROR [COM]: aRC=VBOX_E_OBJECT_NOT_FOUND (0x80bb0001) aIID={d644ad1e-c501-4fc7-9ab6-aa6d763bc540} aComponent={VirtualBoxWrap} aText={Could not find a registered machine with UUID {99c6bc12-7370-4fee-b7f0-4b0d5f60193a}}, preserve=false aResultDetail=0
00:00:18.036547 DCon03   ERROR [COM]: aRC=VBOX_E_OBJECT_NOT_FOUND (0x80bb0001) aIID={d644ad1e-c501-4fc7-9ab6-aa6d763bc540} aComponent={VirtualBoxWrap} aText={Could not find a registered machine with UUID {99c6bc12-7370-4fee-b7f0-4b0d5f60193a}}, preserve=false aResultDetail=0
00:00:18.068097 DCon03   ERROR [COM]: aRC=VBOX_E_OBJECT_NOT_FOUND (0x80bb0001) aIID={5bfd8965-b81b-469f-8649-f717ce97a5d5} aComponent={NvramStoreWrap} aText={The UEFI NVRAM file is not existing for this machine}, preserve=false aResultDetail=0
00:00:18.070480 DCon03   Failed to open "/dev/vboxdrvu", errno=2, rc=VERR_VM_DRIVER_NOT_INSTALLED
00:00:18.083890 DCon03   ERROR [COM]: aRC=NS_ERROR_FAILURE (0x80004005) aIID={bea3ef5c-de2f-4b74-aa3a-15d6249371a0} aComponent={RecordingSettingsWrap} aText={Recording not started}, preserve=false aResultDetail=0
00:00:18.101592 DCon03   WARNING [COM]: aRC=NS_ERROR_FAILURE (0x80004005) aIID={d5dcece0-b202-4416-a138-03502784cc07} aComponent={HostWrap} aText={VirtualBox is not currently allowed to access USB devices.  You can change this by adding your user to the 'vboxusers' group.  Please see the user manual for a more detailed explanation}, preserve=true aResultDetail=0
00:00:18.103209 DCon03   WARNING [COM]: aRC=NS_ERROR_FAILURE (0x80004005) aIID={d5dcece0-b202-4416-a138-03502784cc07} aComponent={HostWrap} aText={VirtualBox is not currently allowed to access USB devices.  You can change this by adding your user to the 'vboxusers' group.  Please see the user manual for a more detailed explanation}, preserve=true aResultDetail=0
00:00:36.735451 DCon02   Saving settings file "/home/kuma/.config/VirtualBox/VirtualBox.xml" with version "1.12-linux"
00:00:36.739725 DCon02   Finished saving settings file "/home/kuma/.config/VirtualBox/VirtualBox.xml"
00:00:36.744159 DCon02   Saving settings file "/home/kuma/.config/VirtualBox/VirtualBox.xml" with version "1.12-linux"
00:00:36.748978 DCon02   Finished saving settings file "/home/kuma/.config/VirtualBox/VirtualBox.xml"
00:01:32.735984 DCon03   ERROR [COM]: aRC=VBOX_E_FILE_ERROR (0x80bb0004) aIID={7d510820-a678-4730-a862-818dcd3fbed0} aComponent={MediumWrap} aText={The given path '--' is not fully qualified}, preserve=false aResultDetail=0
00:01:41.541762 DCon06   ERROR [COM]: aRC=VBOX_E_FILE_ERROR (0x80bb0004) aIID={7d510820-a678-4730-a862-818dcd3fbed0} aComponent={MediumWrap} aText={The given path '--' is not fully qualified}, preserve=false aResultDetail=0
00:09:17.885857 DCon08   ERROR [COM]: aRC=VBOX_E_FILE_ERROR (0x80bb0004) aIID={7d510820-a678-4730-a862-818dcd3fbed0} aComponent={MediumWrap} aText={The given path '--' is not fully qualified}, preserve=false aResultDetail=0
00:09:20.730746 DCon03   ERROR [COM]: aRC=VBOX_E_OBJECT_NOT_FOUND (0x80bb0001) aIID={d644ad1e-c501-4fc7-9ab6-aa6d763bc540} aComponent={VirtualBoxWrap} aText={Could not find a registered machine named '{00000000-0000-0000-0000-000000000000}'}, preserve=false aResultDetail=0
00:09:21.135617 DCon03   Saving settings file "/home/kuma/.config/VirtualBox/VirtualBox.xml" with version "1.12-linux"
00:09:21.151867 DCon03   Finished saving settings file "/home/kuma/.config/VirtualBox/VirtualBox.xml"
00:09:22.894082 DCon08   ERROR [COM]: aRC=NS_ERROR_FAILURE (0x80004005) aIID={925084b0-625f-422f-a67d-0ede1880a56c} aComponent={SystemPropertiesWrap} aText={Cannot determine default Guest Additions ISO location. Most likely they are not available}, preserve=false aResultDetail=0
00:09:23.417390 DCon08   Saving settings file "/home/kuma/.config/VirtualBox/VirtualBox.xml" with version "1.12-linux"
00:09:23.426965 DCon08   Finished saving settings file "/home/kuma/.config/VirtualBox/VirtualBox.xml"
00:09:25.132705 DCon08   Saving settings file "/home/kuma/.config/VirtualBox/VirtualBox.xml" with version "1.12-linux"
00:09:25.152216 DCon08   Finished saving settings file "/home/kuma/.config/VirtualBox/VirtualBox.xml"
00:09:32.712342 main     VirtualBox: object deletion starts
00:09:32.713082 main     HostDnsMonitor: shutting down ...
00:09:32.714179 main     HostDnsMonitor: shut down
00:09:32.726093 Watcher  ERROR [COM]: aRC=E_ACCESSDENIED (0x80070005) aIID={d644ad1e-c501-4fc7-9ab6-aa6d763bc540} aComponent={VirtualBoxWrap} aText={The object is not ready}, preserve=false aResultDetail=0
00:09:32.726299 main     VirtualBox: object deleted
